 OCT 17, 2024      TEXAS DEPARTMENT OF TRANSPORTATION (TxDOT)           PAGE  1
 CAP18                         BENT CAP ANALYSIS        Ver.  6.2   (Jul, 2011)

      PSF                 HIGHWAY  PD-    CONTROL-   CODED
       NO      COUNTY        NO    IPE  SECTION-JOB   BY    DATE
                                                       MR  10/15/2024          

 Bent Cap Analysis For SP 399 SB RAMP: Bent 4                                   
 PROB   1-LB   Single problem for bent cap - same bm spa back and fwd           


 ENGLISH SYSTEM UNITS

 TABLE 1.  CONTROL DATA

      OPTION TO PRINT TABLE SRS (1=YES)                                    0

                                                   ENVELOPES    TABLE NUMBER
                                                   OF MAXIMUMS   2    3    4
      KEEP FROM PRECEDING PROBLEM (1=YES)                0       0    0    0
      CARDS INPUT THIS PROBLEM                                            17

      OPTION TO CLEAR ENVELOPES BEFORE LANE LOADINGS (1=YES)               0

      OPTION TO OMIT PRINT FOR TABLES (TABLE DESIGNATIONS IN PARENTHESES)
         -1(4A), -2(5) -3(4A,5), -4(4A,5,6), -5(4A,5,6,7):                0

      SKEW ANGLE, DEGREES                                              0.000


 TABLE 2.  CONSTANTS

      NUMBER OF INCREMENTS FOR SLAB AND CAP                               88
      INCREMENT LENGTH, FT                                             0.500
      NUMBER OF INCREMENTS FOR MOVABLE LOAD                               20
      START POSITION OF MOVABLE-LOAD STA ZERO                              2
      STOP POSITION OF MOVABLE-LOAD STA ZERO                              66
      NUMBER OF INCREMENTS BETWEEN EACH POSITION OF MOVABLE LOAD           1

      ANALYSIS OPTION (1=WORKING STRESS, 2=LOAD FACTOR, 3=BOTH)            3

      LOAD FACTOR FOR DEAD LOAD                                         1.25
      LOAD FACTOR FOR OVERLAY LOAD                                      1.50
      LOAD FACTOR FOR LIVE LOAD                                         1.75

      MAXIMUM NUMBER OF LANES TO BE LOADED SIMULTANEOUSLY                  3

      LIST OF LOAD COEFFICIENTS CORRESPONDING TO NUMBER OF LANES LOADED 
            1              2              3              4              5
           1.200          1.000          0.850

 OCT 17, 2024      TEXAS DEPARTMENT OF TRANSPORTATION (TxDOT)           PAGE  2
 CAP18                         BENT CAP ANALYSIS        Ver.  6.2   (Jul, 2011)


 PROB   1-LB   Single problem for bent cap - same bm spa back and fwd           
 (CONTINUED)


 TABLE 3.  LISTS OF STATIONS

                   NUM OF      NUM OF      NUM OF      NUM MOM     NUM SHEAR
                   LANES     STRINGERS    SUPPORTS    CONTR PTS    CONTR PTS
      TOTAL           3           6           4          10           8

      LANE LEFT       2    30    58

      LANE RIGHT     30    58    86
      STRINGERS     4.0  20.0  36.0  52.0  68.0  84.0
      SUPPORTS        8    32    56    80
      MOM CONTR       4     8    20    32    36    52    56    68    80    84

      SHEAR CONTR     6    10    30    34    54    58    78    82


 TABLE 4.  STIFFNESS AND LOAD DATA 

      -------------------------------------------------------------------------
      FIXED-OR-MOVABLE ------------ FIXED-POSITION DATA ------------  MOVABLE-
      STA   STA  CONTD CAP BENDING   SIDEWALK,  STRINGER,    OVERLAY  POSITION
      FROM   TO  IF=1  STIFFNESS    SLAB LOADS  CAP LOADS    LOADS    SLAB LOADS
                       ( K-FT*FT )    ( K )      ( K )       ( K )      ( K )  
      -------------------------------------------------------------------------
         0   88    0    6933000.000      0.000     -0.919      0.000      0.000
         0   88    0          0.000      0.000     -0.100      0.000      0.000
         4    4    0          0.000      0.000      0.000      0.000      0.000
        20   20    0          0.000      0.000      0.000      0.000      0.000
        36   36    0          0.000      0.000      0.000      0.000      0.000
        52   52    0          0.000      0.000      0.000      0.000      0.000
        68   68    0          0.000      0.000      0.000      0.000      0.000
        84   84    0          0.000      0.000      0.000      0.000      0.000
         4    4    0          0.000      0.000      0.000      0.000      0.000
        20   20    0          0.000      0.000      0.000      0.000      0.000
        36   36    0          0.000      0.000      0.000      0.000      0.000
        52   52    0          0.000      0.000      0.000      0.000      0.000
        68   68    0          0.000      0.000      0.000      0.000      0.000
        84   84    0          0.000      0.000      0.000      0.000      0.000
         0   20    0          0.000      0.000      0.000      0.000     -5.126
         4    4    0          0.000      0.000      0.000      0.000    -21.280
        16   16    0          0.000      0.000      0.000      0.000    -21.280

 OCT 17, 2024      TEXAS DEPARTMENT OF TRANSPORTATION (TxDOT)           PAGE  3
 CAP18                         BENT CAP ANALYSIS        Ver.  6.2   (Jul, 2011)


 PROB   1-LB   Single problem for bent cap - same bm spa back and fwd           
 (CONTINUED)


 TABLE 4A.  DEAD LOAD RESULTS    ( WORKING STRESS )

      --------------------------------------------------------------------
      STA       DIST X (FT)    DEFLECTION (FT)   MOMENT (K-FT)   SHEAR (K)
      --------------------------------------------------------------------
       -1          -0.50           0.000008            0.0            0.0
        0           0.00           0.000007            0.0           -0.3
        1           0.50           0.000007           -0.3           -1.0
        2           1.00           0.000006           -1.0           -2.0
        3           1.50           0.000006           -2.3           -3.1
        4           2.00           0.000005           -4.1           -4.1
        5           2.50           0.000004           -6.4           -5.1
        6           3.00           0.000003           -9.2           -6.1
        7           3.50           0.000002          -12.5           -7.1
        8           4.00           0.000000          -16.3            1.6
        9           4.50          -0.000002          -10.8           10.4
       10           5.00          -0.000005           -5.9            9.4
       11           5.50          -0.000008           -1.5            8.4
       12           6.00          -0.000011            2.5            7.3
       13           6.50          -0.000014            5.9            6.3
       14           7.00          -0.000017            8.8            5.3
       15           7.50          -0.000019           11.2            4.3
       16           8.00          -0.000021           13.1            3.3
       17           8.50          -0.000023           14.4            2.2
       18           9.00          -0.000024           15.3            1.2
       19           9.50          -0.000025           15.7            0.2
       20          10.00          -0.000025           15.5           -0.8
       21          10.50          -0.000024           14.9           -1.8
       22          11.00          -0.000023           13.7           -2.8
       23          11.50          -0.000021           12.0           -3.9
       24          12.00          -0.000019            9.8           -4.9
       25          12.50          -0.000017            7.1           -5.9
       26          13.00          -0.000014            3.9           -6.9
       27          13.50          -0.000011            0.2           -7.9
       28          14.00          -0.000008           -4.0           -9.0
       29          14.50          -0.000005           -8.8          -10.0
       30          15.00          -0.000003          -14.0          -11.0
       31          15.50          -0.000001          -19.8          -12.0
       32          16.00           0.000000          -26.0           -0.4
       33          16.50           0.000000          -20.2           11.2
       34          17.00           0.000000          -14.8           10.2
       35          17.50          -0.000001          -10.0            9.2
       36          18.00          -0.000003           -5.7            8.2
       37          18.50          -0.000004           -1.8            7.1
       38          19.00          -0.000006            1.5            6.1
       39          19.50          -0.000008            4.3            5.1
       40          20.00          -0.000009            6.6            4.1
       41          20.50          -0.000010            8.4            3.1
       42          21.00          -0.000011            9.6            2.0
       43          21.50          -0.000012           10.4            1.0

 OCT 17, 2024      TEXAS DEPARTMENT OF TRANSPORTATION (TxDOT)           PAGE  4
 CAP18                         BENT CAP ANALYSIS        Ver.  6.2   (Jul, 2011)


 PROB   1-LB   Single problem for bent cap - same bm spa back and fwd           
 (CONTINUED)


 TABLE 4A.  DEAD LOAD RESULTS    ( WORKING STRESS )

      --------------------------------------------------------------------
      STA       DIST X (FT)    DEFLECTION (FT)   MOMENT (K-FT)   SHEAR (K)
      --------------------------------------------------------------------
       44          22.00          -0.000012           10.6            0.0
       45          22.50          -0.000012           10.4           -1.0
       46          23.00          -0.000011            9.6           -2.0
       47          23.50          -0.000010            8.4           -3.1
       48          24.00          -0.000009            6.6           -4.1
       49          24.50          -0.000008            4.3           -5.1
       50          25.00          -0.000006            1.5           -6.1
       51          25.50          -0.000004           -1.8           -7.1
       52          26.00          -0.000003           -5.7           -8.2
       53          26.50          -0.000001          -10.0           -9.2
       54          27.00           0.000000          -14.8          -10.2
       55          27.50           0.000000          -20.2          -11.2
       56          28.00           0.000000          -26.0            0.4
       57          28.50          -0.000001          -19.8           12.0
       58          29.00          -0.000003          -14.0           11.0
       59          29.50          -0.000005           -8.8           10.0
       60          30.00          -0.000008           -4.0            9.0
       61          30.50          -0.000011            0.2            7.9
       62          31.00          -0.000014            3.9            6.9
       63          31.50          -0.000017            7.1            5.9
       64          32.00          -0.000019            9.8            4.9
       65          32.50          -0.000021           12.0            3.9
       66          33.00          -0.000023           13.7            2.8
       67          33.50          -0.000024           14.9            1.8
       68          34.00          -0.000025           15.5            0.8
       69          34.50          -0.000025           15.7           -0.2
       70          35.00          -0.000024           15.3           -1.2
       71          35.50          -0.000023           14.4           -2.2
       72          36.00          -0.000021           13.1           -3.3
       73          36.50          -0.000019           11.2           -4.3
       74          37.00          -0.000017            8.8           -5.3
       75          37.50          -0.000014            5.9           -6.3
       76          38.00          -0.000011            2.5           -7.3
       77          38.50          -0.000008           -1.5           -8.4
       78          39.00          -0.000005           -5.9           -9.4
       79          39.50          -0.000002          -10.8          -10.4
       80          40.00           0.000000          -16.3           -1.6
       81          40.50           0.000002          -12.5            7.1
       82          41.00           0.000003           -9.2            6.1
       83          41.50           0.000004           -6.4            5.1
       84          42.00           0.000005           -4.1            4.1
       85          42.50           0.000006           -2.3            3.1
       86          43.00           0.000006           -1.0            2.0
       87          43.50           0.000007           -0.3            1.0
       88          44.00           0.000007            0.0            0.3
       89          44.50           0.000008            0.0            0.0

 OCT 17, 2024      TEXAS DEPARTMENT OF TRANSPORTATION (TxDOT)           PAGE  5
 CAP18                         BENT CAP ANALYSIS        Ver.  6.2   (Jul, 2011)


 PROB   1-LB   Single problem for bent cap - same bm spa back and fwd           
 (CONTINUED)


 TABLE 5.  MULTI-LANE LOADING SUMMARY    ( WORKING STRESS )
           ( *--CRITICAL NUMBER OF LANE LOADS)

      MOMENT ( FT-K )
      ------------------------------------------------------------------------
      AT     DEAD LD   LANE   POSITIVE   LOAD AT    LANE   NEGATIVE   LOAD AT
      STA     EFFECT   ORDER  MAXIMUM    LANE STA   ORDER  MAXIMUM    LANE STA
      ------------------------------------------------------------------------

        4       -4.1
                        0        0.0                 0        0.0
                        1        0.0                 1        0.0
                        2        0.0                 2        0.0
                        3        0.0                 3        0.0
                        0*                           0*

        8      -16.3
                        0        0.0                 0     -146.4      1    2
                        1        0.0                 1     -146.4      1    2
                        2        0.0                 2        0.0
                        3        0.0                 3        0.0
                        0*                           0*

       20       15.5
                        0      208.1      0   11     0      -34.3      2   34
                        1      207.2      1   10     1      -34.3      2   34
                        2        9.6      3   60     2        0.0
                        3        0.0                 3        0.0
                        0*                           0*

       32      -26.0
                        0       19.3      3   60     0     -140.2      0   16
                        1       19.3      3   60     1     -120.0      1   10
                        2        0.0                 2      -87.1      2   30
                        3        0.0                 3        0.0
                        0*                           2*

       36       -5.7
                        0       86.0      2   30     0      -60.6      1    7
                        1       86.0      2   30     1      -60.6      1    7
                        2        3.3      3   60     2        0.0
                        3        0.0                 3        0.0
                        0*                           0*

       52       -5.7
                        0       86.0      2   38     0      -60.6      3   61
                        1       86.0      2   38     1      -60.6      3   61
                        2        3.3      1    8     2        0.0
                        3        0.0                 3        0.0
                        0*                           0*

       56      -26.0
                        0       19.3      1    8     0     -140.2      0   52
                        1       19.3      1    8     1     -120.0      3   58
                        2        0.0                 2      -87.1      2   38
                        3        0.0                 3        0.0
                        0*                           2*

       68       15.5
                        0      208.1      0   57     0      -34.3      2   34
                        1      207.2      3   58     1      -34.3      2   34
                        2        9.6      1    8     2        0.0
                        3        0.0                 3        0.0
                        0*                           0*

 OCT 17, 2024      TEXAS DEPARTMENT OF TRANSPORTATION (TxDOT)           PAGE  6
 CAP18                         BENT CAP ANALYSIS        Ver.  6.2   (Jul, 2011)


 PROB   1-LB   Single problem for bent cap - same bm spa back and fwd           
 (CONTINUED)

      MOMENT ( FT-K )
      ------------------------------------------------------------------------
      AT     DEAD LD   LANE   POSITIVE   LOAD AT    LANE   NEGATIVE   LOAD AT
      STA     EFFECT   ORDER  MAXIMUM    LANE STA   ORDER  MAXIMUM    LANE STA
      ------------------------------------------------------------------------

       80      -16.3
                        0        0.0                 0     -146.4      3   66
                        1        0.0                 1     -146.4      3   66
                        2        0.0                 2        0.0
                        3        0.0                 3        0.0
                        0*                           0*

       84       -4.1
                        0        0.0                 0        0.0
                        1        0.0                 1        0.0
                        2        0.0                 2        0.0
                        3        0.0                 3        0.0
                        0*                           0*

 OCT 17, 2024      TEXAS DEPARTMENT OF TRANSPORTATION (TxDOT)           PAGE  7
 CAP18                         BENT CAP ANALYSIS        Ver.  6.2   (Jul, 2011)


 PROB   1-LB   Single problem for bent cap - same bm spa back and fwd           
 (CONTINUED)


      SHEAR ( K )
      ------------------------------------------------------------------------
      AT     DEAD LD   LANE   POSITIVE   LOAD AT    LANE   NEGATIVE   LOAD AT
      STA     EFFECT   ORDER  MAXIMUM    LANE STA   ORDER  MAXIMUM    LANE STA
      ------------------------------------------------------------------------

        6       -6.1
                        0        0.0                 0      -73.2      1    2
                        1        0.0                 1      -73.2      1    2
                        2        0.0                 2        0.0
                        3        0.0                 3        0.0
                        0*                           0*

       10        9.4
                        0       46.1      1    4     0       -5.7      2   34
                        1       46.1      1    4     1       -5.7      2   34
                        2        1.6      3   60     2        0.0
                        3        0.0                 3        0.0
                        0*                           0*

       30      -11.0
                        0        1.6      3   60     0      -56.2      0   13
                        1        1.6      3   60     1      -54.5      1   10
                        2        0.0                 2      -11.5      2   30
                        3        0.0                 3        0.0
                        0*                           0*

       34       10.2
                        0       90.1      0   26     0       -8.0      3   61
                        1       86.6      2   30     1       -8.0      3   61
                        2       31.5      1   10     2        0.0
                        3        0.0                 3        0.0
                        2*                           0*

       54      -10.2
                        0        8.0      1    7     0      -90.1      0   42
                        1        8.0      1    7     1      -86.6      2   38
                        2        0.0                 2      -31.5      3   58
                        3        0.0                 3        0.0
                        0*                           2*

       58       11.0
                        0       56.2      0   55     0       -1.6      1    8
                        1       54.5      3   58     1       -1.6      1    7
                        2       11.5      2   38     2        0.0
                        3        0.0                 3        0.0
                        0*                           0*

       78       -9.4
                        0        5.7      2   34     0      -46.1      3   64
                        1        5.7      2   34     1      -46.1      3   64
                        2        0.0                 2       -1.6      1    7
                        3        0.0                 3        0.0
                        0*                           0*

       82        6.1
                        0       73.2      3   66     0        0.0
                        1       73.2      3   66     1        0.0
                        2        0.0                 2        0.0
                        3        0.0                 3        0.0
                        0*                           0*

 OCT 17, 2024      TEXAS DEPARTMENT OF TRANSPORTATION (TxDOT)           PAGE  8
 CAP18                         BENT CAP ANALYSIS        Ver.  6.2   (Jul, 2011)


 PROB   1-LB   Single problem for bent cap - same bm spa back and fwd           
 (CONTINUED)


      REACTION ( K )
      ------------------------------------------------------------------------
      AT     DEAD LD   LANE   POSITIVE   LOAD AT    LANE   NEGATIVE   LOAD AT
      STA     EFFECT   ORDER  MAXIMUM    LANE STA   ORDER  MAXIMUM    LANE STA
      ------------------------------------------------------------------------

        8       19.6
                        0      117.1      1    2     0       -5.7      2   34
                        1      117.1      1    2     1       -5.7      2   34
                        2        1.6      3   60     2        0.0
                        3        0.0                 3        0.0
                        0*                           0*

       32       25.3
                        0      120.5      0   20     0       -9.6      3   61
                        1       98.1      2   30     1       -9.6      3   61
                        2       86.1      1   10     2        0.0
                        3        0.0                 3        0.0
                        2*                           0*

       56       25.3
                        0      120.5      0   48     0       -9.6      1    7
                        1       98.1      2   38     1       -9.6      1    7
                        2       86.1      3   58     2        0.0
                        3        0.0                 3        0.0
                        2*                           0*

       80       19.6
                        0      117.1      3   66     0       -5.7      2   34
                        1      117.1      3   66     1       -5.7      2   34
                        2        1.6      1    7     2        0.0
                        3        0.0                 3        0.0
                        0*                           0*

 OCT 17, 2024      TEXAS DEPARTMENT OF TRANSPORTATION (TxDOT)           PAGE  9
 CAP18                         BENT CAP ANALYSIS        Ver.  6.2   (Jul, 2011)


 PROB   1-LB   Single problem for bent cap - same bm spa back and fwd           
 (CONTINUED)


 TABLE 6.  ENVELOPES OF MAXIMUM VALUES   ( WORKING STRESS )

      ------------------------------------------------------------------------
      STA    DIST X       MAX + MOM    MAX - MOM     MAX + SHEAR   MAX - SHEAR
             ( FT )       ( FT-K )      ( FT-K )        ( K )         ( K )     
      ------------------------------------------------------------------------
       -1     -0.50           0.0           0.0           0.0           0.0
        0      0.00           0.0           0.0          -0.3          -0.3
        1      0.50          -0.3          -0.3          -1.0          -1.0
        2      1.00          -1.0          -1.0          -2.0          -2.0
        3      1.50          -2.3          -2.3          -3.1          -3.1
        4      2.00          -4.1          -4.1          -4.1         -48.0
        5      2.50          -6.4         -50.3          -5.1         -92.9
        6      3.00          -9.2         -97.0          -6.1         -93.9
        7      3.50         -12.5        -144.2          -7.1         -94.9
        8      4.00         -16.3        -191.9          19.0         -15.9
        9      4.50           2.6        -160.1          65.7           3.5
       10      5.00          25.8        -128.8          64.7           2.5
       11      5.50          49.1         -98.1          63.7           1.5
       12      6.00          72.0         -67.8          62.7           0.5
       13      6.50          94.7         -38.0          61.6          -0.5
       14      7.00         118.2         -11.8          60.6          -1.6
       15      7.50         142.2         -12.8          59.6          -2.6
       16      8.00         166.9         -14.4          58.6          -3.6
       17      8.50         191.4         -16.4          57.6          -4.6
       18      9.00         216.1         -19.0          56.6          -5.6
       19      9.50         240.6         -22.1          55.5          -6.7
       20     10.00         265.2         -25.7           9.1         -14.3
       21     10.50         231.2         -30.1           0.1         -69.3
       22     11.00         196.9         -35.2          -0.9         -70.3
       23     11.50         162.5         -41.1          -1.9         -71.4
       24     12.00         127.8         -47.7          -3.0         -72.4
       25     12.50          93.3         -55.1          -4.0         -73.4
       26     13.00          59.8         -63.1          -5.0         -74.4
       27     13.50          29.7         -71.6          -6.0         -75.4
       28     14.00          15.2         -81.1          -7.0         -76.4
       29     14.50          11.5        -116.9          -8.1         -77.5
       30     15.00           7.2        -155.2          -9.1         -78.5
       31     15.50           2.4        -193.9         -10.1         -79.5
       32     16.00          -2.9        -233.2          44.7         -18.5
       33     16.50          -1.8        -168.3         129.3           1.6
       34     17.00          -1.3        -122.1         128.3           0.6
       35     17.50          42.1         -97.6         127.3          -0.4
       36     18.00          97.6         -78.4          68.3          -1.4
       37     18.50          98.3         -69.8          16.7          -2.4
       38     19.00          98.9         -61.7          15.7          -3.5
       39     19.50          99.1         -54.1          14.7          -4.5
       40     20.00          99.3         -47.0          13.7          -5.5
       41     20.50          98.9         -40.4          12.6          -6.5
       42     21.00          98.1         -34.3          11.6          -7.5

 OCT 17, 2024      TEXAS DEPARTMENT OF TRANSPORTATION (TxDOT)           PAGE 10
 CAP18                         BENT CAP ANALYSIS        Ver.  6.2   (Jul, 2011)


 PROB   1-LB   Single problem for bent cap - same bm spa back and fwd           
 (CONTINUED)


 TABLE 6.  ENVELOPES OF MAXIMUM VALUES   ( WORKING STRESS )

      ------------------------------------------------------------------------
      STA    DIST X       MAX + MOM    MAX - MOM     MAX + SHEAR   MAX - SHEAR
             ( FT )       ( FT-K )      ( FT-K )        ( K )         ( K )     
      ------------------------------------------------------------------------
       43     21.50          96.7         -28.8          10.6          -8.6
       44     22.00          96.3         -23.7           9.6          -9.6
       45     22.50          96.7         -28.8           8.6         -10.6
       46     23.00          98.1         -34.3           7.5         -11.6
       47     23.50          98.9         -40.4           6.5         -12.6
       48     24.00          99.3         -47.0           5.5         -13.7
       49     24.50          99.1         -54.1           4.5         -14.7
       50     25.00          98.9         -61.7           3.5         -15.7
       51     25.50          98.3         -69.8           2.4         -16.7
       52     26.00          97.6         -78.4           1.4         -68.3
       53     26.50          42.1         -97.6           0.4        -127.3
       54     27.00          -1.3        -122.1          -0.6        -128.3
       55     27.50          -1.8        -168.3          -1.6        -129.3
       56     28.00          -2.9        -233.2          18.5         -44.7
       57     28.50           2.4        -193.9          79.5          10.1
       58     29.00           7.2        -155.2          78.5           9.1
       59     29.50          11.5        -116.9          77.5           8.1
       60     30.00          15.2         -81.1          76.4           7.0
       61     30.50          29.7         -71.6          75.4           6.0
       62     31.00          59.8         -63.1          74.4           5.0
       63     31.50          93.3         -55.1          73.4           4.0
       64     32.00         127.8         -47.7          72.4           3.0
       65     32.50         162.5         -41.1          71.4           1.9
       66     33.00         196.9         -35.2          70.3           0.9
       67     33.50         231.2         -30.1          69.3          -0.1
       68     34.00         265.2         -25.7          14.3          -9.1
       69     34.50         240.6         -22.1           6.7         -55.5
       70     35.00         216.1         -19.0           5.6         -56.6
       71     35.50         191.4         -16.4           4.6         -57.6
       72     36.00         166.9         -14.4           3.6         -58.6
       73     36.50         142.2         -12.8           2.6         -59.6
       74     37.00         118.2         -11.8           1.6         -60.6
       75     37.50          94.7         -38.0           0.5         -61.6
       76     38.00          72.0         -67.8          -0.5         -62.7
       77     38.50          49.1         -98.1          -1.5         -63.7
       78     39.00          25.8        -128.8          -2.5         -64.7
       79     39.50           2.6        -160.1          -3.5         -65.7
       80     40.00         -16.3        -191.9          15.9         -19.0
       81     40.50         -12.5        -144.2          94.9           7.1
       82     41.00          -9.2         -97.0          93.9           6.1
       83     41.50          -6.4         -50.3          92.9           5.1
       84     42.00          -4.1          -4.1          48.0           4.1
       85     42.50          -2.3          -2.3           3.1           3.1
       86     43.00          -1.0          -1.0           2.0           2.0

 OCT 17, 2024      TEXAS DEPARTMENT OF TRANSPORTATION (TxDOT)           PAGE 11
 CAP18                         BENT CAP ANALYSIS        Ver.  6.2   (Jul, 2011)


 PROB   1-LB   Single problem for bent cap - same bm spa back and fwd           
 (CONTINUED)


 TABLE 6.  ENVELOPES OF MAXIMUM VALUES   ( WORKING STRESS )

      ------------------------------------------------------------------------
      STA    DIST X       MAX + MOM    MAX - MOM     MAX + SHEAR   MAX - SHEAR
             ( FT )       ( FT-K )      ( FT-K )        ( K )         ( K )     
      ------------------------------------------------------------------------
       87     43.50          -0.3          -0.3           1.0           1.0
       88     44.00           0.0           0.0           0.3           0.3
       89     44.50           0.0           0.0           0.0           0.0

 OCT 17, 2024      TEXAS DEPARTMENT OF TRANSPORTATION (TxDOT)           PAGE 12
 CAP18                         BENT CAP ANALYSIS        Ver.  6.2   (Jul, 2011)


 PROB   1-LB   Single problem for bent cap - same bm spa back and fwd           
 (CONTINUED)


 TABLE 7.  MAXIMUM SUPPORT REACTIONS   ( WORKING STRESS )

      ---------------------------------------------
      STA    DIST X      MAX + REACT    MAX - REACT
             ( FT )         ( K )          ( K )
      ---------------------------------------------
        8      4.00         160.1           12.7
       32     16.00         209.4           13.8
       56     28.00         209.4           13.8
       80     40.00         160.1           12.7

 OCT 17, 2024      TEXAS DEPARTMENT OF TRANSPORTATION (TxDOT)           PAGE 13
 CAP18                         BENT CAP ANALYSIS        Ver.  6.2   (Jul, 2011)


 PROB   1-LB   Single problem for bent cap - same bm spa back and fwd           
 (CONTINUED)


 TABLE 5.  MULTI-LANE LOADING SUMMARY    ( LOAD FACTOR)
           ( *--CRITICAL NUMBER OF LANE LOADS)

      MOMENT ( FT-K )
      ------------------------------------------------------------------------
      AT     DEAD LD   LANE   POSITIVE   LOAD AT    LANE   NEGATIVE   LOAD AT
      STA     EFFECT   ORDER  MAXIMUM    LANE STA   ORDER  MAXIMUM    LANE STA
      ------------------------------------------------------------------------

        4       -5.1
                        0        0.0                 0        0.0
                        1        0.0                 1        0.0
                        2        0.0                 2        0.0
                        3        0.0                 3        0.0
                        0*                           0*

        8      -20.4
                        0        0.0                 0     -256.1      1    2
                        1        0.0                 1     -256.1      1    2
                        2        0.0                 2        0.0
                        3        0.0                 3        0.0
                        0*                           0*

       20       19.4
                        0      364.1      0   11     0      -60.0      2   34
                        1      362.7      1   10     1      -60.0      2   34
                        2       16.8      3   60     2        0.0
                        3        0.0                 3        0.0
                        0*                           0*

       32      -32.5
                        0       33.7      3   60     0     -245.3      0   16
                        1       33.7      3   60     1     -210.0      1   10
                        2        0.0                 2     -152.5      2   30
                        3        0.0                 3        0.0
                        0*                           2*

       36       -7.1
                        0      150.6      2   30     0     -106.0      1    7
                        1      150.6      2   30     1     -106.0      1    7
                        2        5.8      3   60     2        0.0
                        3        0.0                 3        0.0
                        0*                           0*

       52       -7.1
                        0      150.6      2   38     0     -106.0      3   61
                        1      150.6      2   38     1     -106.0      3   61
                        2        5.8      1    8     2        0.0
                        3        0.0                 3        0.0
                        0*                           0*

       56      -32.5
                        0       33.7      1    8     0     -245.3      0   52
                        1       33.7      1    8     1     -210.0      3   58
                        2        0.0                 2     -152.5      2   38
                        3        0.0                 3        0.0
                        0*                           2*

       68       19.4
                        0      364.1      0   57     0      -60.0      2   34
                        1      362.7      3   58     1      -60.0      2   34
                        2       16.8      1    8     2        0.0
                        3        0.0                 3        0.0
                        0*                           0*

 OCT 17, 2024      TEXAS DEPARTMENT OF TRANSPORTATION (TxDOT)           PAGE 14
 CAP18                         BENT CAP ANALYSIS        Ver.  6.2   (Jul, 2011)


 PROB   1-LB   Single problem for bent cap - same bm spa back and fwd           
 (CONTINUED)

      MOMENT ( FT-K )
      ------------------------------------------------------------------------
      AT     DEAD LD   LANE   POSITIVE   LOAD AT    LANE   NEGATIVE   LOAD AT
      STA     EFFECT   ORDER  MAXIMUM    LANE STA   ORDER  MAXIMUM    LANE STA
      ------------------------------------------------------------------------

       80      -20.4
                        0        0.0                 0     -256.1      3   66
                        1        0.0                 1     -256.1      3   66
                        2        0.0                 2        0.0
                        3        0.0                 3        0.0
                        0*                           0*

       84       -5.1
                        0        0.0                 0        0.0
                        1        0.0                 1        0.0
                        2        0.0                 2        0.0
                        3        0.0                 3        0.0
                        0*                           0*

 OCT 17, 2024      TEXAS DEPARTMENT OF TRANSPORTATION (TxDOT)           PAGE 15
 CAP18                         BENT CAP ANALYSIS        Ver.  6.2   (Jul, 2011)


 PROB   1-LB   Single problem for bent cap - same bm spa back and fwd           
 (CONTINUED)


      SHEAR ( K )
      ------------------------------------------------------------------------
      AT     DEAD LD   LANE   POSITIVE   LOAD AT    LANE   NEGATIVE   LOAD AT
      STA     EFFECT   ORDER  MAXIMUM    LANE STA   ORDER  MAXIMUM    LANE STA
      ------------------------------------------------------------------------

        6       -7.6
                        0        0.0                 0     -128.1      1    2
                        1        0.0                 1     -128.1      1    2
                        2        0.0                 2        0.0
                        3        0.0                 3        0.0
                        0*                           0*

       10       11.7
                        0       80.7      1    4     0      -10.0      2   34
                        1       80.7      1    4     1      -10.0      2   34
                        2        2.8      3   60     2        0.0
                        3        0.0                 3        0.0
                        0*                           0*

       30      -13.7
                        0        2.8      3   60     0      -98.4      0   13
                        1        2.8      3   60     1      -95.5      1   10
                        2        0.0                 2      -20.1      2   30
                        3        0.0                 3        0.0
                        0*                           0*

       34       12.7
                        0      157.8      0   26     0      -14.0      3   61
                        1      151.5      2   30     1      -14.0      3   61
                        2       55.2      1   10     2        0.0
                        3        0.0                 3        0.0
                        2*                           0*

       54      -12.7
                        0       14.0      1    7     0     -157.8      0   42
                        1       14.0      1    7     1     -151.5      2   38
                        2        0.0                 2      -55.2      3   58
                        3        0.0                 3        0.0
                        0*                           2*

       58       13.7
                        0       98.4      0   55     0       -2.8      1    8
                        1       95.5      3   58     1       -2.8      1    8
                        2       20.1      2   38     2        0.0
                        3        0.0                 3        0.0
                        0*                           0*

       78      -11.7
                        0       10.0      2   34     0      -80.7      3   64
                        1       10.0      2   34     1      -80.7      3   64
                        2        0.0                 2       -2.8      1    8
                        3        0.0                 3        0.0
                        0*                           0*

       82        7.6
                        0      128.1      3   66     0        0.0
                        1      128.1      3   66     1        0.0
                        2        0.0                 2        0.0
                        3        0.0                 3        0.0
                        0*                           0*

 OCT 17, 2024      TEXAS DEPARTMENT OF TRANSPORTATION (TxDOT)           PAGE 16
 CAP18                         BENT CAP ANALYSIS        Ver.  6.2   (Jul, 2011)


 PROB   1-LB   Single problem for bent cap - same bm spa back and fwd           
 (CONTINUED)


      REACTION ( K )
      ------------------------------------------------------------------------
      AT     DEAD LD   LANE   POSITIVE   LOAD AT    LANE   NEGATIVE   LOAD AT
      STA     EFFECT   ORDER  MAXIMUM    LANE STA   ORDER  MAXIMUM    LANE STA
      ------------------------------------------------------------------------

        8       24.5
                        0      204.9      1    2     0      -10.0      2   34
                        1      204.9      1    2     1      -10.0      2   34
                        2        2.8      3   60     2        0.0
                        3        0.0                 3        0.0
                        0*                           0*

       32       31.6
                        0      210.9      0   20     0      -16.8      3   61
                        1      171.6      2   30     1      -16.8      3   61
                        2      150.6      1   10     2        0.0
                        3        0.0                 3        0.0
                        2*                           0*

       56       31.6
                        0      210.9      0   48     0      -16.8      1    7
                        1      171.6      2   38     1      -16.8      1    7
                        2      150.6      3   58     2        0.0
                        3        0.0                 3        0.0
                        2*                           0*

       80       24.5
                        0      204.9      3   66     0      -10.0      2   34
                        1      204.9      3   66     1      -10.0      2   34
                        2        2.8      1    8     2        0.0
                        3        0.0                 3        0.0
                        0*                           0*

 OCT 17, 2024      TEXAS DEPARTMENT OF TRANSPORTATION (TxDOT)           PAGE 17
 CAP18                         BENT CAP ANALYSIS        Ver.  6.2   (Jul, 2011)


 PROB   1-LB   Single problem for bent cap - same bm spa back and fwd           
 (CONTINUED)


 TABLE 6.  ENVELOPES OF MAXIMUM VALUES   ( LOAD FACTOR )

      ------------------------------------------------------------------------
      STA    DIST X       MAX + MOM     MAX - MOM    MAX + SHEAR   MAX - SHEAR 
             ( FT )       ( FT-K )      ( FT-K )        ( K )         ( K )     
      ------------------------------------------------------------------------
       -1     -0.50           0.0           0.0           0.0           0.0
        0      0.00           0.0           0.0          -0.3          -0.3
        1      0.50          -0.3          -0.3          -1.3          -1.3
        2      1.00          -1.3          -1.3          -2.5          -2.5
        3      1.50          -2.9          -2.9          -3.8          -3.8
        4      2.00          -5.1          -5.1          -5.1         -81.9
        5      2.50          -8.0         -84.8          -6.4        -160.0
        6      3.00         -11.5        -165.1          -7.6        -161.3
        7      3.50         -15.6        -246.1          -8.9        -162.6
        8      4.00         -20.4        -327.7          32.4         -28.7
        9      4.50          10.0        -274.8         109.8           1.0
       10      5.00          48.0        -222.5         108.5          -0.3
       11      5.50          86.7        -170.9         107.3          -1.6
       12      6.00         124.7        -119.8         106.0          -2.8
       13      6.50         162.8         -69.5         104.7          -4.1
       14      7.00         202.5         -25.0         103.4          -5.4
       15      7.50         243.3         -28.1         102.2          -6.7
       16      8.00         285.5         -31.7         100.9          -7.9
       17      8.50         327.8         -36.0          99.6          -9.2
       18      9.00         370.5         -40.9          98.3         -10.5
       19      9.50         413.2         -46.5          97.1         -11.7
       20     10.00         456.3         -52.6          16.4         -24.7
       21     10.50         397.2         -60.1           1.1        -120.4
       22     11.00         337.8         -68.5          -0.2        -121.7
       23     11.50         278.4         -78.0          -1.5        -122.9
       24     12.00         218.7         -88.4          -2.7        -124.2
       25     12.50         159.7        -100.1          -4.0        -125.5
       26     13.00         102.7        -112.4          -5.3        -126.8
       27     13.50          51.9        -125.3          -6.6        -128.0
       28     14.00          28.7        -139.8          -7.8        -129.3
       29     14.50          24.4        -200.2          -9.1        -130.6
       30     15.00          19.6        -264.5         -10.4        -131.8
       31     15.50          14.0        -329.5         -11.7        -133.1
       32     16.00           7.9        -395.1          78.4         -32.1
       33     16.50           6.9        -284.4         220.7          -2.8
       34     17.00           5.2        -206.3         219.4          -4.0
       35     17.50          78.8        -165.7         218.2          -5.3
       36     18.00         173.6        -134.3         115.4          -6.6
       37     18.50         172.9        -121.2          25.7          -7.9
       38     19.00         172.3        -108.6          24.4          -9.1
       39     19.50         171.3         -96.8          23.1         -10.4
       40     20.00         170.5         -85.5          21.9         -11.7
       41     20.50         168.9         -74.9          20.6         -12.9
       42     21.00         166.8         -64.9          19.3         -14.2
       43     21.50         164.1         -55.6          18.0         -15.5
       44     22.00         163.1         -46.9          16.8         -16.8
       45     22.50         164.1         -55.6          15.5         -18.0
       46     23.00         166.8         -64.9          14.2         -19.3
       47     23.50         168.9         -74.9          12.9         -20.6
       48     24.00         170.5         -85.5          11.7         -21.9

 OCT 17, 2024      TEXAS DEPARTMENT OF TRANSPORTATION (TxDOT)           PAGE 18
 CAP18                         BENT CAP ANALYSIS        Ver.  6.2   (Jul, 2011)


 PROB   1-LB   Single problem for bent cap - same bm spa back and fwd           
 (CONTINUED)


 TABLE 6.  ENVELOPES OF MAXIMUM VALUES   ( LOAD FACTOR )

      ------------------------------------------------------------------------
      STA    DIST X       MAX + MOM     MAX - MOM    MAX + SHEAR   MAX - SHEAR 
             ( FT )       ( FT-K )      ( FT-K )        ( K )         ( K )     
      ------------------------------------------------------------------------
       49     24.50         171.3         -96.8          10.4         -23.1
       50     25.00         172.3        -108.6           9.1         -24.4
       51     25.50         172.9        -121.2           7.9         -25.7
       52     26.00         173.6        -134.3           6.6        -115.4
       53     26.50          78.8        -165.7           5.3        -218.2
       54     27.00           5.2        -206.3           4.0        -219.4
       55     27.50           6.9        -284.4           2.8        -220.7
       56     28.00           7.9        -395.1          32.1         -78.4
       57     28.50          14.0        -329.5         133.1          11.7
       58     29.00          19.6        -264.5         131.8          10.4
       59     29.50          24.4        -200.2         130.6           9.1
       60     30.00          28.7        -139.8         129.3           7.8
       61     30.50          51.9        -125.3         128.0           6.6
       62     31.00         102.7        -112.4         126.8           5.3
       63     31.50         159.7        -100.1         125.5           4.0
       64     32.00         218.7         -88.4         124.2           2.7
       65     32.50         278.4         -78.0         122.9           1.5
       66     33.00         337.8         -68.5         121.7           0.2
       67     33.50         397.2         -60.1         120.4          -1.1
       68     34.00         456.3         -52.6          24.7         -16.4
       69     34.50         413.2         -46.5          11.7         -97.1
       70     35.00         370.5         -40.9          10.5         -98.3
       71     35.50         327.8         -36.0           9.2         -99.6
       72     36.00         285.5         -31.7           7.9        -100.9
       73     36.50         243.3         -28.1           6.7        -102.2
       74     37.00         202.5         -25.0           5.4        -103.4
       75     37.50         162.8         -69.5           4.1        -104.7
       76     38.00         124.7        -119.8           2.8        -106.0
       77     38.50          86.7        -170.9           1.6        -107.3
       78     39.00          48.0        -222.5           0.3        -108.5
       79     39.50          10.0        -274.8          -1.0        -109.8
       80     40.00         -20.4        -327.7          28.7         -32.4
       81     40.50         -15.6        -246.1         162.6           8.9
       82     41.00         -11.5        -165.1         161.3           7.6
       83     41.50          -8.0         -84.8         160.0           6.4
       84     42.00          -5.1          -5.1          81.9           5.1
       85     42.50          -2.9          -2.9           3.8           3.8
       86     43.00          -1.3          -1.3           2.5           2.5
       87     43.50          -0.3          -0.3           1.3           1.3
       88     44.00           0.0           0.0           0.3           0.3
       89     44.50           0.0           0.0           0.0           0.0

 OCT 17, 2024      TEXAS DEPARTMENT OF TRANSPORTATION (TxDOT)           PAGE 19
 CAP18                         BENT CAP ANALYSIS        Ver.  6.2   (Jul, 2011)


 PROB   1-LB   Single problem for bent cap - same bm spa back and fwd           
 (CONTINUED)


 TABLE 7.  MAXIMUM SUPPORT REACTIONS   ( LOAD FACTOR )

      ---------------------------------------------
      STA    DIST X      MAX + REACT    MAX - REACT
             ( FT )         ( K )          ( K )
      ---------------------------------------------
        8      4.00         270.4           12.5
       32     16.00         353.8           11.4
       56     28.00         353.8           11.4
       80     40.00         270.4           12.5
