 OCT 15, 2024      TEXAS DEPARTMENT OF TRANSPORTATION (TxDOT)           PAGE  1
 CAP18                         BENT CAP ANALYSIS        Ver.  6.2   (Jul, 2011)

      PSF                 HIGHWAY  PD-    CONTROL-   CODED
       NO      COUNTY        NO    IPE  SECTION-JOB   BY    DATE
                                                       MR  10/15/2024          

 Bent Cap Analysis For SP 399 SB RAMP: Bent 4                                   
 PROB   1-LB   Single problem for bent cap - same bm spa back and fwd           


 ENGLISH SYSTEM UNITS

 TABLE 1.  CONTROL DATA

      OPTION TO PRINT TABLE SRS (1=YES)                                    0

                                                   ENVELOPES    TABLE NUMBER
                                                   OF MAXIMUMS   2    3    4
      KEEP FROM PRECEDING PROBLEM (1=YES)                0       0    0    0
      CARDS INPUT THIS PROBLEM                                            17

      OPTION TO CLEAR ENVELOPES BEFORE LANE LOADINGS (1=YES)               0

      OPTION TO OMIT PRINT FOR TABLES (TABLE DESIGNATIONS IN PARENTHESES)
         -1(4A), -2(5) -3(4A,5), -4(4A,5,6), -5(4A,5,6,7):                0

      SKEW ANGLE, DEGREES                                              0.000


 TABLE 2.  CONSTANTS

      NUMBER OF INCREMENTS FOR SLAB AND CAP                               88
      INCREMENT LENGTH, FT                                             0.500
      NUMBER OF INCREMENTS FOR MOVABLE LOAD                               20
      START POSITION OF MOVABLE-LOAD STA ZERO                              2
      STOP POSITION OF MOVABLE-LOAD STA ZERO                              66
      NUMBER OF INCREMENTS BETWEEN EACH POSITION OF MOVABLE LOAD           1

      ANALYSIS OPTION (1=WORKING STRESS, 2=LOAD FACTOR, 3=BOTH)            3

      LOAD FACTOR FOR DEAD LOAD                                         1.25
      LOAD FACTOR FOR OVERLAY LOAD                                      1.50
      LOAD FACTOR FOR LIVE LOAD                                         1.75

      MAXIMUM NUMBER OF LANES TO BE LOADED SIMULTANEOUSLY                  3

      LIST OF LOAD COEFFICIENTS CORRESPONDING TO NUMBER OF LANES LOADED 
            1              2              3              4              5
           1.200          1.000          0.850

 OCT 15, 2024      TEXAS DEPARTMENT OF TRANSPORTATION (TxDOT)           PAGE  2
 CAP18                         BENT CAP ANALYSIS        Ver.  6.2   (Jul, 2011)


 PROB   1-LB   Single problem for bent cap - same bm spa back and fwd           
 (CONTINUED)


 TABLE 3.  LISTS OF STATIONS

                   NUM OF      NUM OF      NUM OF      NUM MOM     NUM SHEAR
                   LANES     STRINGERS    SUPPORTS    CONTR PTS    CONTR PTS
      TOTAL           3           6           4          10           8

      LANE LEFT       2    30    58

      LANE RIGHT     30    58    86
      STRINGERS     4.0  20.0  36.0  52.0  68.0  84.0
      SUPPORTS        8    32    56    80
      MOM CONTR       4     8    20    32    36    52    56    68    80    84

      SHEAR CONTR     6    10    30    34    54    58    78    82


 TABLE 4.  STIFFNESS AND LOAD DATA 

      -------------------------------------------------------------------------
      FIXED-OR-MOVABLE ------------ FIXED-POSITION DATA ------------  MOVABLE-
      STA   STA  CONTD CAP BENDING   SIDEWALK,  STRINGER,    OVERLAY  POSITION
      FROM   TO  IF=1  STIFFNESS    SLAB LOADS  CAP LOADS    LOADS    SLAB LOADS
                       ( K-FT*FT )    ( K )      ( K )       ( K )      ( K )  
      -------------------------------------------------------------------------
         0   88    0    6933000.000      0.000     -0.919      0.000      0.000
         0   88    0          0.000      0.000     -0.100      0.000      0.000
         4    4    0          0.000      0.000    -67.980      0.000      0.000
        20   20    0          0.000      0.000    -78.020      0.000      0.000
        36   36    0          0.000      0.000    -78.020      0.000      0.000
        52   52    0          0.000      0.000    -78.020      0.000      0.000
        68   68    0          0.000      0.000    -78.020      0.000      0.000
        84   84    0          0.000      0.000    -67.980      0.000      0.000
         4    4    0          0.000      0.000    -67.980      0.000      0.000
        20   20    0          0.000      0.000    -78.020      0.000      0.000
        36   36    0          0.000      0.000    -78.020      0.000      0.000
        52   52    0          0.000      0.000    -78.020      0.000      0.000
        68   68    0          0.000      0.000    -78.020      0.000      0.000
        84   84    0          0.000      0.000    -67.980      0.000      0.000
         0   20    0          0.000      0.000      0.000      0.000     -5.126
         4    4    0          0.000      0.000      0.000      0.000    -21.280
        16   16    0          0.000      0.000      0.000      0.000    -21.280

 OCT 15, 2024      TEXAS DEPARTMENT OF TRANSPORTATION (TxDOT)           PAGE  3
 CAP18                         BENT CAP ANALYSIS        Ver.  6.2   (Jul, 2011)


 PROB   1-LB   Single problem for bent cap - same bm spa back and fwd           
 (CONTINUED)


 TABLE 4A.  DEAD LOAD RESULTS    ( WORKING STRESS )

      --------------------------------------------------------------------
      STA       DIST X (FT)    DEFLECTION (FT)   MOMENT (K-FT)   SHEAR (K)
      --------------------------------------------------------------------
       -1          -0.50          -0.000253            0.0            0.0
        0           0.00          -0.000222            0.0           -0.3
        1           0.50          -0.000191           -0.3           -1.0
        2           1.00          -0.000159           -1.0           -2.0
        3           1.50          -0.000128           -2.3           -3.1
        4           2.00          -0.000097           -4.1          -72.1
        5           2.50          -0.000066          -74.3         -141.1
        6           3.00          -0.000038         -145.1         -142.1
        7           3.50          -0.000015         -216.4         -143.1
        8           4.00           0.000000         -288.2          -26.1
        9           4.50           0.000005         -242.5           90.9
       10           5.00           0.000001         -197.3           89.9
       11           5.50          -0.000010         -152.6           88.9
       12           6.00          -0.000027         -108.5           87.8
       13           6.50          -0.000047          -64.8           86.8
       14           7.00          -0.000070          -21.6           85.8
       15           7.50          -0.000094           21.0           84.8
       16           8.00          -0.000117           63.2           83.8
       17           8.50          -0.000137          104.8           82.8
       18           9.00          -0.000154          145.9           81.7
       19           9.50          -0.000165          186.5           80.7
       20          10.00          -0.000170          226.6            1.7
       21          10.50          -0.000167          188.2          -77.4
       22          11.00          -0.000157          149.3          -78.4
       23          11.50          -0.000141          109.8          -79.4
       24          12.00          -0.000122           69.9          -80.4
       25          12.50          -0.000100           29.4          -81.4
       26          13.00          -0.000077          -11.6          -82.5
       27          13.50          -0.000054          -53.1          -83.5
       28          14.00          -0.000033          -95.1          -84.5
       29          14.50          -0.000016         -137.6          -85.5
       30          15.00          -0.000004         -180.6          -86.5
       31          15.50           0.000002         -224.1          -87.6
       32          16.00           0.000000         -268.1           39.8
       33          16.50          -0.000012         -184.3          167.2
       34          17.00          -0.000030         -100.9          166.2
       35          17.50          -0.000053          -18.0          165.2
       36          18.00          -0.000075           64.3           86.2
       37          18.50          -0.000096           68.1            7.1
       38          19.00          -0.000114           71.5            6.1
       39          19.50          -0.000130           74.3            5.1
       40          20.00          -0.000142           76.6            4.1
       41          20.50          -0.000152           78.3            3.1
       42          21.00          -0.000160           79.6            2.0
       43          21.50          -0.000164           80.4            1.0

 OCT 15, 2024      TEXAS DEPARTMENT OF TRANSPORTATION (TxDOT)           PAGE  4
 CAP18                         BENT CAP ANALYSIS        Ver.  6.2   (Jul, 2011)


 PROB   1-LB   Single problem for bent cap - same bm spa back and fwd           
 (CONTINUED)


 TABLE 4A.  DEAD LOAD RESULTS    ( WORKING STRESS )

      --------------------------------------------------------------------
      STA       DIST X (FT)    DEFLECTION (FT)   MOMENT (K-FT)   SHEAR (K)
      --------------------------------------------------------------------
       44          22.00          -0.000165           80.6            0.0
       45          22.50          -0.000164           80.4           -1.0
       46          23.00          -0.000160           79.6           -2.0
       47          23.50          -0.000152           78.3           -3.1
       48          24.00          -0.000142           76.6           -4.1
       49          24.50          -0.000130           74.3           -5.1
       50          25.00          -0.000114           71.5           -6.1
       51          25.50          -0.000096           68.1           -7.1
       52          26.00          -0.000075           64.3          -86.2
       53          26.50          -0.000053          -18.0         -165.2
       54          27.00          -0.000030         -100.9         -166.2
       55          27.50          -0.000012         -184.3         -167.2
       56          28.00           0.000000         -268.1          -39.8
       57          28.50           0.000002         -224.1           87.6
       58          29.00          -0.000004         -180.6           86.5
       59          29.50          -0.000016         -137.6           85.5
       60          30.00          -0.000033          -95.1           84.5
       61          30.50          -0.000054          -53.1           83.5
       62          31.00          -0.000077          -11.6           82.5
       63          31.50          -0.000100           29.4           81.4
       64          32.00          -0.000122           69.9           80.4
       65          32.50          -0.000141          109.8           79.4
       66          33.00          -0.000157          149.3           78.4
       67          33.50          -0.000167          188.2           77.4
       68          34.00          -0.000170          226.6           -1.7
       69          34.50          -0.000165          186.5          -80.7
       70          35.00          -0.000154          145.9          -81.7
       71          35.50          -0.000137          104.8          -82.8
       72          36.00          -0.000117           63.2          -83.8
       73          36.50          -0.000094           21.0          -84.8
       74          37.00          -0.000070          -21.6          -85.8
       75          37.50          -0.000047          -64.8          -86.8
       76          38.00          -0.000027         -108.5          -87.8
       77          38.50          -0.000010         -152.6          -88.9
       78          39.00           0.000001         -197.3          -89.9
       79          39.50           0.000005         -242.5          -90.9
       80          40.00           0.000000         -288.2           26.1
       81          40.50          -0.000015         -216.4          143.1
       82          41.00          -0.000038         -145.1          142.1
       83          41.50          -0.000066          -74.3          141.1
       84          42.00          -0.000097           -4.1           72.1
       85          42.50          -0.000128           -2.3            3.1
       86          43.00          -0.000159           -1.0            2.0
       87          43.50          -0.000191           -0.3            1.0
       88          44.00          -0.000222            0.0            0.3
       89          44.50          -0.000253            0.0            0.0

 OCT 15, 2024      TEXAS DEPARTMENT OF TRANSPORTATION (TxDOT)           PAGE  5
 CAP18                         BENT CAP ANALYSIS        Ver.  6.2   (Jul, 2011)


 PROB   1-LB   Single problem for bent cap - same bm spa back and fwd           
 (CONTINUED)


 TABLE 5.  MULTI-LANE LOADING SUMMARY    ( WORKING STRESS )
           ( *--CRITICAL NUMBER OF LANE LOADS)

      MOMENT ( FT-K )
      ------------------------------------------------------------------------
      AT     DEAD LD   LANE   POSITIVE   LOAD AT    LANE   NEGATIVE   LOAD AT
      STA     EFFECT   ORDER  MAXIMUM    LANE STA   ORDER  MAXIMUM    LANE STA
      ------------------------------------------------------------------------

        4       -4.1
                        0        0.0                 0        0.0
                        1        0.0                 1        0.0
                        2        0.0                 2        0.0
                        3        0.0                 3        0.0
                        0*                           0*

        8     -288.2
                        0        0.0                 0     -146.4      1    2
                        1        0.0                 1     -146.4      1    2
                        2        0.0                 2        0.0
                        3        0.0                 3        0.0
                        0*                           0*

       20      226.6
                        0      208.1      0   11     0      -34.3      2   34
                        1      207.2      1   10     1      -34.3      2   34
                        2        9.6      3   60     2        0.0
                        3        0.0                 3        0.0
                        0*                           0*

       32     -268.1
                        0       19.3      3   60     0     -140.2      0   16
                        1       19.3      3   60     1     -120.0      1   10
                        2        0.0                 2      -87.1      2   30
                        3        0.0                 3        0.0
                        0*                           2*

       36       64.3
                        0       86.0      2   30     0      -60.6      1    7
                        1       86.0      2   30     1      -60.6      1    7
                        2        3.3      3   60     2        0.0
                        3        0.0                 3        0.0
                        0*                           0*

       52       64.3
                        0       86.0      2   38     0      -60.6      3   61
                        1       86.0      2   38     1      -60.6      3   61
                        2        3.3      1    8     2        0.0
                        3        0.0                 3        0.0
                        0*                           0*

       56     -268.1
                        0       19.3      1    8     0     -140.2      0   52
                        1       19.3      1    8     1     -120.0      3   58
                        2        0.0                 2      -87.1      2   38
                        3        0.0                 3        0.0
                        0*                           2*

       68      226.6
                        0      208.1      0   57     0      -34.3      2   34
                        1      207.2      3   58     1      -34.3      2   34
                        2        9.6      1    8     2        0.0
                        3        0.0                 3        0.0
                        0*                           0*

 OCT 15, 2024      TEXAS DEPARTMENT OF TRANSPORTATION (TxDOT)           PAGE  6
 CAP18                         BENT CAP ANALYSIS        Ver.  6.2   (Jul, 2011)


 PROB   1-LB   Single problem for bent cap - same bm spa back and fwd           
 (CONTINUED)

      MOMENT ( FT-K )
      ------------------------------------------------------------------------
      AT     DEAD LD   LANE   POSITIVE   LOAD AT    LANE   NEGATIVE   LOAD AT
      STA     EFFECT   ORDER  MAXIMUM    LANE STA   ORDER  MAXIMUM    LANE STA
      ------------------------------------------------------------------------

       80     -288.2
                        0        0.0                 0     -146.4      3   66
                        1        0.0                 1     -146.4      3   66
                        2        0.0                 2        0.0
                        3        0.0                 3        0.0
                        0*                           0*

       84       -4.1
                        0        0.0                 0        0.0
                        1        0.0                 1        0.0
                        2        0.0                 2        0.0
                        3        0.0                 3        0.0
                        0*                           0*

 OCT 15, 2024      TEXAS DEPARTMENT OF TRANSPORTATION (TxDOT)           PAGE  7
 CAP18                         BENT CAP ANALYSIS        Ver.  6.2   (Jul, 2011)


 PROB   1-LB   Single problem for bent cap - same bm spa back and fwd           
 (CONTINUED)


      SHEAR ( K )
      ------------------------------------------------------------------------
      AT     DEAD LD   LANE   POSITIVE   LOAD AT    LANE   NEGATIVE   LOAD AT
      STA     EFFECT   ORDER  MAXIMUM    LANE STA   ORDER  MAXIMUM    LANE STA
      ------------------------------------------------------------------------

        6     -142.1
                        0        0.0                 0      -73.2      1    2
                        1        0.0                 1      -73.2      1    2
                        2        0.0                 2        0.0
                        3        0.0                 3        0.0
                        0*                           0*

       10       89.9
                        0       46.1      1    4     0       -5.7      2   34
                        1       46.1      1    4     1       -5.7      2   34
                        2        1.6      3   60     2        0.0
                        3        0.0                 3        0.0
                        0*                           0*

       30      -86.5
                        0        1.6      3   60     0      -56.2      0   13
                        1        1.6      3   60     1      -54.5      1   10
                        2        0.0                 2      -11.5      2   30
                        3        0.0                 3        0.0
                        0*                           0*

       34      166.2
                        0       90.1      0   26     0       -8.0      3   61
                        1       86.6      2   30     1       -8.0      3   61
                        2       31.5      1   10     2        0.0
                        3        0.0                 3        0.0
                        2*                           0*

       54     -166.2
                        0        8.0      1    7     0      -90.1      0   42
                        1        8.0      1    7     1      -86.6      2   38
                        2        0.0                 2      -31.5      3   58
                        3        0.0                 3        0.0
                        0*                           2*

       58       86.5
                        0       56.2      0   55     0       -1.6      1    8
                        1       54.5      3   58     1       -1.6      1    7
                        2       11.5      2   38     2        0.0
                        3        0.0                 3        0.0
                        0*                           0*

       78      -89.9
                        0        5.7      2   34     0      -46.1      3   64
                        1        5.7      2   34     1      -46.1      3   64
                        2        0.0                 2       -1.6      1    7
                        3        0.0                 3        0.0
                        0*                           0*

       82      142.1
                        0       73.2      3   66     0        0.0
                        1       73.2      3   66     1        0.0
                        2        0.0                 2        0.0
                        3        0.0                 3        0.0
                        0*                           0*

 OCT 15, 2024      TEXAS DEPARTMENT OF TRANSPORTATION (TxDOT)           PAGE  8
 CAP18                         BENT CAP ANALYSIS        Ver.  6.2   (Jul, 2011)


 PROB   1-LB   Single problem for bent cap - same bm spa back and fwd           
 (CONTINUED)


      REACTION ( K )
      ------------------------------------------------------------------------
      AT     DEAD LD   LANE   POSITIVE   LOAD AT    LANE   NEGATIVE   LOAD AT
      STA     EFFECT   ORDER  MAXIMUM    LANE STA   ORDER  MAXIMUM    LANE STA
      ------------------------------------------------------------------------

        8      236.0
                        0      117.1      1    2     0       -5.7      2   34
                        1      117.1      1    2     1       -5.7      2   34
                        2        1.6      3   60     2        0.0
                        3        0.0                 3        0.0
                        0*                           0*

       32      256.8
                        0      120.5      0   20     0       -9.6      3   61
                        1       98.1      2   30     1       -9.6      3   61
                        2       86.1      1   10     2        0.0
                        3        0.0                 3        0.0
                        2*                           0*

       56      256.8
                        0      120.5      0   48     0       -9.6      1    7
                        1       98.1      2   38     1       -9.6      1    7
                        2       86.1      3   58     2        0.0
                        3        0.0                 3        0.0
                        2*                           0*

       80      236.0
                        0      117.1      3   66     0       -5.7      2   34
                        1      117.1      3   66     1       -5.7      2   34
                        2        1.6      1    7     2        0.0
                        3        0.0                 3        0.0
                        0*                           0*

 OCT 15, 2024      TEXAS DEPARTMENT OF TRANSPORTATION (TxDOT)           PAGE  9
 CAP18                         BENT CAP ANALYSIS        Ver.  6.2   (Jul, 2011)


 PROB   1-LB   Single problem for bent cap - same bm spa back and fwd           
 (CONTINUED)


 TABLE 6.  ENVELOPES OF MAXIMUM VALUES   ( WORKING STRESS )

      ------------------------------------------------------------------------
      STA    DIST X       MAX + MOM    MAX - MOM     MAX + SHEAR   MAX - SHEAR
             ( FT )       ( FT-K )      ( FT-K )        ( K )         ( K )     
      ------------------------------------------------------------------------
       -1     -0.50           0.0           0.0           0.0           0.0
        0      0.00           0.0           0.0          -0.3          -0.3
        1      0.50          -0.3          -0.3          -1.0          -1.0
        2      1.00          -1.0          -1.0          -2.0          -2.0
        3      1.50          -2.3          -2.3          -3.1          -3.1
        4      2.00          -4.1          -4.1         -72.1        -116.0
        5      2.50         -74.3        -118.3        -141.1        -228.9
        6      3.00        -145.1        -232.9        -142.1        -229.9
        7      3.50        -216.4        -348.1        -143.1        -230.9
        8      4.00        -288.2        -463.9          -8.7         -43.7
        9      4.50        -229.1        -391.8         146.2          84.0
       10      5.00        -165.6        -320.3         145.2          83.0
       11      5.50        -102.0        -249.2         144.2          82.0
       12      6.00         -39.0        -178.7         143.2          81.0
       13      6.50          24.0        -108.7         142.1          80.0
       14      7.00          87.8         -42.2         141.1          78.9
       15      7.50         152.1          -3.0         140.1          77.9
       16      8.00         217.0          35.7         139.1          76.9
       17      8.50         281.8          73.9         138.1          75.9
       18      9.00         346.7         111.6         137.1          74.9
       19      9.50         411.5         148.8         136.0          73.9
       20     10.00         476.3         185.5          11.6         -11.8
       21     10.50         404.6         143.2         -75.4        -144.8
       22     11.00         332.5         100.4         -76.5        -145.9
       23     11.50         260.3          56.7         -77.5        -146.9
       24     12.00         187.8          12.3         -78.5        -147.9
       25     12.50         115.6         -32.9         -79.5        -148.9
       26     13.00          44.3         -78.6         -80.5        -149.9
       27     13.50         -23.5        -124.8         -81.6        -151.0
       28     14.00         -75.8        -172.1         -82.6        -152.0
       29     14.50        -117.3        -245.7         -83.6        -153.0
       30     15.00        -159.4        -321.7         -84.6        -154.0
       31     15.50        -202.0        -398.3         -85.6        -155.0
       32     16.00        -245.0        -475.3          84.9          21.8
       33     16.50        -165.9        -332.4         285.4         157.7
       34     17.00         -87.3        -208.2         284.3         156.6
       35     17.50          34.1        -105.6         283.3         155.6
       36     18.00         167.6          -8.4         146.3          76.6
       37     18.50         168.3           0.2          16.7          -2.4
       38     19.00         168.8           8.3          15.7          -3.5
       39     19.50         169.1          15.9          14.7          -4.5
       40     20.00         169.3          23.0          13.7          -5.5
       41     20.50         168.9          29.6          12.6          -6.5
       42     21.00         168.0          35.6          11.6          -7.5

 OCT 15, 2024      TEXAS DEPARTMENT OF TRANSPORTATION (TxDOT)           PAGE 10
 CAP18                         BENT CAP ANALYSIS        Ver.  6.2   (Jul, 2011)


 PROB   1-LB   Single problem for bent cap - same bm spa back and fwd           
 (CONTINUED)


 TABLE 6.  ENVELOPES OF MAXIMUM VALUES   ( WORKING STRESS )

      ------------------------------------------------------------------------
      STA    DIST X       MAX + MOM    MAX - MOM     MAX + SHEAR   MAX - SHEAR
             ( FT )       ( FT-K )      ( FT-K )        ( K )         ( K )     
      ------------------------------------------------------------------------
       43     21.50         166.7          41.2          10.6          -8.6
       44     22.00         166.2          46.2           9.6          -9.6
       45     22.50         166.7          41.2           8.6         -10.6
       46     23.00         168.0          35.6           7.5         -11.6
       47     23.50         168.9          29.6           6.5         -12.6
       48     24.00         169.3          23.0           5.5         -13.7
       49     24.50         169.1          15.9           4.5         -14.7
       50     25.00         168.8           8.3           3.5         -15.7
       51     25.50         168.3           0.2           2.4         -16.7
       52     26.00         167.6          -8.4         -76.6        -146.3
       53     26.50          34.1        -105.6        -155.6        -283.3
       54     27.00         -87.3        -208.2        -156.6        -284.3
       55     27.50        -165.9        -332.4        -157.7        -285.4
       56     28.00        -245.0        -475.3         -21.8         -84.9
       57     28.50        -202.0        -398.3         155.0          85.6
       58     29.00        -159.4        -321.7         154.0          84.6
       59     29.50        -117.3        -245.7         153.0          83.6
       60     30.00         -75.8        -172.1         152.0          82.6
       61     30.50         -23.5        -124.8         151.0          81.6
       62     31.00          44.3         -78.6         149.9          80.5
       63     31.50         115.6         -32.9         148.9          79.5
       64     32.00         187.8          12.3         147.9          78.5
       65     32.50         260.3          56.7         146.9          77.5
       66     33.00         332.5         100.4         145.9          76.5
       67     33.50         404.6         143.2         144.8          75.4
       68     34.00         476.3         185.5          11.8         -11.6
       69     34.50         411.5         148.8         -73.9        -136.0
       70     35.00         346.7         111.6         -74.9        -137.1
       71     35.50         281.8          73.9         -75.9        -138.1
       72     36.00         217.0          35.7         -76.9        -139.1
       73     36.50         152.1          -3.0         -77.9        -140.1
       74     37.00          87.8         -42.2         -78.9        -141.1
       75     37.50          24.0        -108.7         -80.0        -142.1
       76     38.00         -39.0        -178.7         -81.0        -143.2
       77     38.50        -102.0        -249.2         -82.0        -144.2
       78     39.00        -165.6        -320.3         -83.0        -145.2
       79     39.50        -229.1        -391.8         -84.0        -146.2
       80     40.00        -288.2        -463.9          43.7           8.7
       81     40.50        -216.4        -348.1         230.9         143.1
       82     41.00        -145.1        -232.9         229.9         142.1
       83     41.50         -74.3        -118.3         228.9         141.1
       84     42.00          -4.1          -4.1         116.0          72.1
       85     42.50          -2.3          -2.3           3.1           3.1
       86     43.00          -1.0          -1.0           2.0           2.0

 OCT 15, 2024      TEXAS DEPARTMENT OF TRANSPORTATION (TxDOT)           PAGE 11
 CAP18                         BENT CAP ANALYSIS        Ver.  6.2   (Jul, 2011)


 PROB   1-LB   Single problem for bent cap - same bm spa back and fwd           
 (CONTINUED)


 TABLE 6.  ENVELOPES OF MAXIMUM VALUES   ( WORKING STRESS )

      ------------------------------------------------------------------------
      STA    DIST X       MAX + MOM    MAX - MOM     MAX + SHEAR   MAX - SHEAR
             ( FT )       ( FT-K )      ( FT-K )        ( K )         ( K )     
      ------------------------------------------------------------------------
       87     43.50          -0.3          -0.3           1.0           1.0
       88     44.00           0.0           0.0           0.3           0.3
       89     44.50           0.0           0.0           0.0           0.0

 OCT 15, 2024      TEXAS DEPARTMENT OF TRANSPORTATION (TxDOT)           PAGE 12
 CAP18                         BENT CAP ANALYSIS        Ver.  6.2   (Jul, 2011)


 PROB   1-LB   Single problem for bent cap - same bm spa back and fwd           
 (CONTINUED)


 TABLE 7.  MAXIMUM SUPPORT REACTIONS   ( WORKING STRESS )

      ---------------------------------------------
      STA    DIST X      MAX + REACT    MAX - REACT
             ( FT )         ( K )          ( K )
      ---------------------------------------------
        8      4.00         376.5          229.2
       32     16.00         441.0          245.3
       56     28.00         441.0          245.3
       80     40.00         376.5          229.2

 OCT 15, 2024      TEXAS DEPARTMENT OF TRANSPORTATION (TxDOT)           PAGE 13
 CAP18                         BENT CAP ANALYSIS        Ver.  6.2   (Jul, 2011)


 PROB   1-LB   Single problem for bent cap - same bm spa back and fwd           
 (CONTINUED)


 TABLE 5.  MULTI-LANE LOADING SUMMARY    ( LOAD FACTOR)
           ( *--CRITICAL NUMBER OF LANE LOADS)

      MOMENT ( FT-K )
      ------------------------------------------------------------------------
      AT     DEAD LD   LANE   POSITIVE   LOAD AT    LANE   NEGATIVE   LOAD AT
      STA     EFFECT   ORDER  MAXIMUM    LANE STA   ORDER  MAXIMUM    LANE STA
      ------------------------------------------------------------------------

        4       -5.1
                        0        0.0                 0        0.0
                        1        0.0                 1        0.0
                        2        0.0                 2        0.0
                        3        0.0                 3        0.0
                        0*                           0*

        8     -360.3
                        0        0.0                 0     -256.1      1    2
                        1        0.0                 1     -256.1      1    2
                        2        0.0                 2        0.0
                        3        0.0                 3        0.0
                        0*                           0*

       20      283.3
                        0      364.1      0   11     0      -60.0      2   34
                        1      362.7      1   10     1      -60.0      2   34
                        2       16.8      3   60     2        0.0
                        3        0.0                 3        0.0
                        0*                           0*

       32     -335.2
                        0       33.7      3   60     0     -245.3      0   16
                        1       33.7      3   60     1     -210.0      1   10
                        2        0.0                 2     -152.5      2   30
                        3        0.0                 3        0.0
                        0*                           2*

       36       80.4
                        0      150.6      2   30     0     -106.0      1    7
                        1      150.6      2   30     1     -106.0      1    7
                        2        5.8      3   60     2        0.0
                        3        0.0                 3        0.0
                        0*                           0*

       52       80.4
                        0      150.6      2   38     0     -106.0      3   61
                        1      150.6      2   38     1     -106.0      3   61
                        2        5.8      1    8     2        0.0
                        3        0.0                 3        0.0
                        0*                           0*

       56     -335.2
                        0       33.7      1    8     0     -245.3      0   52
                        1       33.7      1    8     1     -210.0      3   58
                        2        0.0                 2     -152.5      2   38
                        3        0.0                 3        0.0
                        0*                           2*

       68      283.3
                        0      364.1      0   57     0      -60.0      2   34
                        1      362.7      3   58     1      -60.0      2   34
                        2       16.8      1    8     2        0.0
                        3        0.0                 3        0.0
                        0*                           0*

 OCT 15, 2024      TEXAS DEPARTMENT OF TRANSPORTATION (TxDOT)           PAGE 14
 CAP18                         BENT CAP ANALYSIS        Ver.  6.2   (Jul, 2011)


 PROB   1-LB   Single problem for bent cap - same bm spa back and fwd           
 (CONTINUED)

      MOMENT ( FT-K )
      ------------------------------------------------------------------------
      AT     DEAD LD   LANE   POSITIVE   LOAD AT    LANE   NEGATIVE   LOAD AT
      STA     EFFECT   ORDER  MAXIMUM    LANE STA   ORDER  MAXIMUM    LANE STA
      ------------------------------------------------------------------------

       80     -360.3
                        0        0.0                 0     -256.1      3   66
                        1        0.0                 1     -256.1      3   66
                        2        0.0                 2        0.0
                        3        0.0                 3        0.0
                        0*                           0*

       84       -5.1
                        0        0.0                 0        0.0
                        1        0.0                 1        0.0
                        2        0.0                 2        0.0
                        3        0.0                 3        0.0
                        0*                           0*

 OCT 15, 2024      TEXAS DEPARTMENT OF TRANSPORTATION (TxDOT)           PAGE 15
 CAP18                         BENT CAP ANALYSIS        Ver.  6.2   (Jul, 2011)


 PROB   1-LB   Single problem for bent cap - same bm spa back and fwd           
 (CONTINUED)


      SHEAR ( K )
      ------------------------------------------------------------------------
      AT     DEAD LD   LANE   POSITIVE   LOAD AT    LANE   NEGATIVE   LOAD AT
      STA     EFFECT   ORDER  MAXIMUM    LANE STA   ORDER  MAXIMUM    LANE STA
      ------------------------------------------------------------------------

        6     -177.6
                        0        0.0                 0     -128.1      1    2
                        1        0.0                 1     -128.1      1    2
                        2        0.0                 2        0.0
                        3        0.0                 3        0.0
                        0*                           0*

       10      112.4
                        0       80.7      1    4     0      -10.0      2   34
                        1       80.7      1    4     1      -10.0      2   34
                        2        2.8      3   60     2        0.0
                        3        0.0                 3        0.0
                        0*                           0*

       30     -108.2
                        0        2.8      3   60     0      -98.4      0   13
                        1        2.8      3   60     1      -95.5      1   10
                        2        0.0                 2      -20.1      2   30
                        3        0.0                 3        0.0
                        0*                           0*

       34      207.8
                        0      157.8      0   26     0      -14.0      3   61
                        1      151.5      2   30     1      -14.0      3   61
                        2       55.2      1   10     2        0.0
                        3        0.0                 3        0.0
                        2*                           0*

       54     -207.8
                        0       14.0      1    7     0     -157.8      0   42
                        1       14.0      1    7     1     -151.5      2   38
                        2        0.0                 2      -55.2      3   58
                        3        0.0                 3        0.0
                        0*                           2*

       58      108.2
                        0       98.4      0   55     0       -2.8      1    8
                        1       95.5      3   58     1       -2.8      1    8
                        2       20.1      2   38     2        0.0
                        3        0.0                 3        0.0
                        0*                           0*

       78     -112.4
                        0       10.0      2   34     0      -80.7      3   64
                        1       10.0      2   34     1      -80.7      3   64
                        2        0.0                 2       -2.8      1    8
                        3        0.0                 3        0.0
                        0*                           0*

       82      177.6
                        0      128.1      3   66     0        0.0
                        1      128.1      3   66     1        0.0
                        2        0.0                 2        0.0
                        3        0.0                 3        0.0
                        0*                           0*

 OCT 15, 2024      TEXAS DEPARTMENT OF TRANSPORTATION (TxDOT)           PAGE 16
 CAP18                         BENT CAP ANALYSIS        Ver.  6.2   (Jul, 2011)


 PROB   1-LB   Single problem for bent cap - same bm spa back and fwd           
 (CONTINUED)


      REACTION ( K )
      ------------------------------------------------------------------------
      AT     DEAD LD   LANE   POSITIVE   LOAD AT    LANE   NEGATIVE   LOAD AT
      STA     EFFECT   ORDER  MAXIMUM    LANE STA   ORDER  MAXIMUM    LANE STA
      ------------------------------------------------------------------------

        8      295.0
                        0      204.9      1    2     0      -10.0      2   34
                        1      204.9      1    2     1      -10.0      2   34
                        2        2.8      3   60     2        0.0
                        3        0.0                 3        0.0
                        0*                           0*

       32      321.0
                        0      210.9      0   20     0      -16.8      3   61
                        1      171.6      2   30     1      -16.8      3   61
                        2      150.6      1   10     2        0.0
                        3        0.0                 3        0.0
                        2*                           0*

       56      321.0
                        0      210.9      0   48     0      -16.8      1    7
                        1      171.6      2   38     1      -16.8      1    7
                        2      150.6      3   58     2        0.0
                        3        0.0                 3        0.0
                        2*                           0*

       80      295.0
                        0      204.9      3   66     0      -10.0      2   34
                        1      204.9      3   66     1      -10.0      2   34
                        2        2.8      1    8     2        0.0
                        3        0.0                 3        0.0
                        0*                           0*

 OCT 15, 2024      TEXAS DEPARTMENT OF TRANSPORTATION (TxDOT)           PAGE 17
 CAP18                         BENT CAP ANALYSIS        Ver.  6.2   (Jul, 2011)


 PROB   1-LB   Single problem for bent cap - same bm spa back and fwd           
 (CONTINUED)


 TABLE 6.  ENVELOPES OF MAXIMUM VALUES   ( LOAD FACTOR )

      ------------------------------------------------------------------------
      STA    DIST X       MAX + MOM     MAX - MOM    MAX + SHEAR   MAX - SHEAR 
             ( FT )       ( FT-K )      ( FT-K )        ( K )         ( K )     
      ------------------------------------------------------------------------
       -1     -0.50           0.0           0.0           0.0           0.0
        0      0.00           0.0           0.0          -0.3          -0.3
        1      0.50          -0.3          -0.3          -1.3          -1.3
        2      1.00          -1.3          -1.3          -2.5          -2.5
        3      1.50          -2.9          -2.9          -3.8          -3.8
        4      2.00          -5.1          -5.1         -90.1        -166.9
        5      2.50         -92.9        -169.8        -176.3        -330.0
        6      3.00        -181.4        -335.1        -177.6        -331.3
        7      3.50        -270.5        -501.0        -178.9        -332.5
        8      4.00        -360.3        -667.6          -2.2         -63.3
        9      4.50        -279.6        -564.4         210.4         101.6
       10      5.00        -191.2        -461.8         209.2         100.3
       11      5.50        -102.3        -359.8         207.9          99.1
       12      6.00         -13.9        -258.5         206.6          97.8
       13      6.50          74.4        -157.8         205.3          96.5
       14      7.00         164.5         -63.1         204.1          95.3
       15      7.50         255.6         -15.7         202.8          94.0
       16      8.00         348.1          30.9         201.5          92.7
       17      8.50         440.7          77.0         200.3          91.4
       18      9.00         533.8         122.4         199.0          90.2
       19      9.50         626.8         167.1         197.7          88.9
       20     10.00         720.2         211.2          19.5         -21.6
       21     10.50         613.9         156.5         -93.3        -214.8
       22     11.00         507.2         101.0         -94.6        -216.1
       23     11.50         400.6          44.3         -95.9        -217.4
       24     12.00         293.7         -13.3         -97.2        -218.6
       25     12.50         187.5         -72.2         -98.4        -219.9
       26     13.00          83.4        -131.8         -99.7        -221.2
       27     13.50         -14.6        -191.9        -101.0        -222.4
       28     14.00         -85.1        -253.6        -102.3        -223.7
       29     14.50        -136.6        -361.2        -103.5        -225.0
       30     15.00        -188.7        -472.7        -104.8        -226.3
       31     15.50        -241.4        -584.9        -106.1        -227.5
       32     16.00        -294.7        -697.7         128.7          18.2
       33     16.50        -198.2        -489.5         415.8         192.3
       34     17.00        -102.4        -313.8         414.5         191.0
       35     17.50          68.7        -175.8         413.2         189.7
       36     18.00         261.1         -46.9         212.9          90.9
       37     18.50         260.4         -33.7          25.7          -7.9
       38     19.00         259.7         -21.2          24.4          -9.1
       39     19.50         258.8          -9.3          23.1         -10.4
       40     20.00         257.9           2.0          21.9         -11.7
       41     20.50         256.4          12.6          20.6         -12.9
       42     21.00         254.3          22.6          19.3         -14.2
       43     21.50         251.5          31.9          18.0         -15.5
       44     22.00         250.6          40.6          16.8         -16.8
       45     22.50         251.5          31.9          15.5         -18.0
       46     23.00         254.3          22.6          14.2         -19.3
       47     23.50         256.4          12.6          12.9         -20.6
       48     24.00         257.9           2.0          11.7         -21.9

 OCT 15, 2024      TEXAS DEPARTMENT OF TRANSPORTATION (TxDOT)           PAGE 18
 CAP18                         BENT CAP ANALYSIS        Ver.  6.2   (Jul, 2011)


 PROB   1-LB   Single problem for bent cap - same bm spa back and fwd           
 (CONTINUED)


 TABLE 6.  ENVELOPES OF MAXIMUM VALUES   ( LOAD FACTOR )

      ------------------------------------------------------------------------
      STA    DIST X       MAX + MOM     MAX - MOM    MAX + SHEAR   MAX - SHEAR 
             ( FT )       ( FT-K )      ( FT-K )        ( K )         ( K )     
      ------------------------------------------------------------------------
       49     24.50         258.8          -9.3          10.4         -23.1
       50     25.00         259.7         -21.2           9.1         -24.4
       51     25.50         260.4         -33.7           7.9         -25.7
       52     26.00         261.1         -46.9         -90.9        -212.9
       53     26.50          68.7        -175.8        -189.7        -413.2
       54     27.00        -102.4        -313.8        -191.0        -414.5
       55     27.50        -198.2        -489.5        -192.3        -415.8
       56     28.00        -294.7        -697.7         -18.2        -128.7
       57     28.50        -241.4        -584.9         227.5         106.1
       58     29.00        -188.7        -472.7         226.3         104.8
       59     29.50        -136.6        -361.2         225.0         103.5
       60     30.00         -85.1        -253.6         223.7         102.3
       61     30.50         -14.6        -191.9         222.4         101.0
       62     31.00          83.4        -131.8         221.2          99.7
       63     31.50         187.5         -72.2         219.9          98.4
       64     32.00         293.7         -13.3         218.6          97.2
       65     32.50         400.6          44.3         217.4          95.9
       66     33.00         507.2         101.0         216.1          94.6
       67     33.50         613.9         156.5         214.8          93.3
       68     34.00         720.2         211.2          21.6         -19.5
       69     34.50         626.8         167.1         -88.9        -197.7
       70     35.00         533.8         122.4         -90.2        -199.0
       71     35.50         440.7          77.0         -91.4        -200.3
       72     36.00         348.1          30.9         -92.7        -201.5
       73     36.50         255.6         -15.7         -94.0        -202.8
       74     37.00         164.5         -63.1         -95.3        -204.1
       75     37.50          74.4        -157.8         -96.5        -205.3
       76     38.00         -13.9        -258.5         -97.8        -206.6
       77     38.50        -102.3        -359.8         -99.1        -207.9
       78     39.00        -191.2        -461.8        -100.3        -209.2
       79     39.50        -279.6        -564.4        -101.6        -210.4
       80     40.00        -360.3        -667.6          63.3           2.2
       81     40.50        -270.5        -501.0         332.5         178.9
       82     41.00        -181.4        -335.1         331.3         177.6
       83     41.50         -92.9        -169.8         330.0         176.3
       84     42.00          -5.1          -5.1         166.9          90.1
       85     42.50          -2.9          -2.9           3.8           3.8
       86     43.00          -1.3          -1.3           2.5           2.5
       87     43.50          -0.3          -0.3           1.3           1.3
       88     44.00           0.0           0.0           0.3           0.3
       89     44.50           0.0           0.0           0.0           0.0

 OCT 15, 2024      TEXAS DEPARTMENT OF TRANSPORTATION (TxDOT)           PAGE 19
 CAP18                         BENT CAP ANALYSIS        Ver.  6.2   (Jul, 2011)


 PROB   1-LB   Single problem for bent cap - same bm spa back and fwd           
 (CONTINUED)


 TABLE 7.  MAXIMUM SUPPORT REACTIONS   ( LOAD FACTOR )

      ---------------------------------------------
      STA    DIST X      MAX + REACT    MAX - REACT
             ( FT )         ( K )          ( K )
      ---------------------------------------------
        8      4.00         540.9          283.0
       32     16.00         643.3          300.9
       56     28.00         643.3          300.9
       80     40.00         540.9          283.0
