 AUG 21, 2024      TEXAS DEPARTMENT OF TRANSPORTATION (TxDOT)           PAGE  1
 CAP18                         BENT CAP ANALYSIS        Ver.  6.2   (Jul, 2011)

      PSF                 HIGHWAY  PD-    CONTROL-   CODED
       NO      COUNTY        NO    IPE  SECTION-JOB   BY    DATE
                   Dallas     SH5                     CAM  7/25/2024           

 Bent Cap Analysis For SH5 SB Ramp: Bent 2                                      
 PROB   1-LB   Live Loading Distributed Through Back Span Beams                 


 ENGLISH SYSTEM UNITS

 TABLE 1.  CONTROL DATA

      OPTION TO PRINT TABLE SRS (1=YES)                                    0

                                                   ENVELOPES    TABLE NUMBER
                                                   OF MAXIMUMS   2    3    4
      KEEP FROM PRECEDING PROBLEM (1=YES)                0       0    0    0
      CARDS INPUT THIS PROBLEM                                            21

      OPTION TO CLEAR ENVELOPES BEFORE LANE LOADINGS (1=YES)               0

      OPTION TO OMIT PRINT FOR TABLES (TABLE DESIGNATIONS IN PARENTHESES)
         -1(4A), -2(5) -3(4A,5), -4(4A,5,6), -5(4A,5,6,7):                0

      SKEW ANGLE, DEGREES                                              0.000


 TABLE 2.  CONSTANTS

      NUMBER OF INCREMENTS FOR SLAB AND CAP                               61
      INCREMENT LENGTH, FT                                             0.500
      NUMBER OF INCREMENTS FOR MOVABLE LOAD                               20
      START POSITION OF MOVABLE-LOAD STA ZERO                              2
      STOP POSITION OF MOVABLE-LOAD STA ZERO                              39
      NUMBER OF INCREMENTS BETWEEN EACH POSITION OF MOVABLE LOAD           1

      ANALYSIS OPTION (1=WORKING STRESS, 2=LOAD FACTOR, 3=BOTH)            3

      LOAD FACTOR FOR DEAD LOAD                                         1.25
      LOAD FACTOR FOR OVERLAY LOAD                                      1.50
      LOAD FACTOR FOR LIVE LOAD                                         1.75

      MAXIMUM NUMBER OF LANES TO BE LOADED SIMULTANEOUSLY                  2

      LIST OF LOAD COEFFICIENTS CORRESPONDING TO NUMBER OF LANES LOADED 
            1              2              3              4              5
           1.200          1.000

 AUG 21, 2024      TEXAS DEPARTMENT OF TRANSPORTATION (TxDOT)           PAGE  2
 CAP18                         BENT CAP ANALYSIS        Ver.  6.2   (Jul, 2011)


 PROB   1-LB   Live Loading Distributed Through Back Span Beams                 
 (CONTINUED)


 TABLE 3.  LISTS OF STATIONS

                   NUM OF      NUM OF      NUM OF      NUM MOM     NUM SHEAR
                   LANES     STRINGERS    SUPPORTS    CONTR PTS    CONTR PTS
      TOTAL           2           4           3           7           6

      LANE LEFT       2    30

      LANE RIGHT     30    59
      STRINGERS     6.0  22.0  39.0  55.0
      SUPPORTS        8    30    52
      MOM CONTR       6     8    22    30    39    52    55
      SHEAR CONTR     4    10    28    32    50    57


 TABLE 4.  STIFFNESS AND LOAD DATA 

      -------------------------------------------------------------------------
      FIXED-OR-MOVABLE ------------ FIXED-POSITION DATA ------------  MOVABLE-
      STA   STA  CONTD CAP BENDING   SIDEWALK,  STRINGER,    OVERLAY  POSITION
      FROM   TO  IF=1  STIFFNESS    SLAB LOADS  CAP LOADS    LOADS    SLAB LOADS
                       ( K-FT*FT )    ( K )      ( K )       ( K )      ( K )  
      -------------------------------------------------------------------------
         0   60    0    7924000.000      0.000     -1.050      0.000      0.000
         0   60    0          0.000      0.000     -0.100      0.000      0.000
         6    6    0          0.000      0.000    -79.040      0.000      0.000
        22   22    0          0.000      0.000    -84.900      0.000      0.000
        39   39    0          0.000      0.000    -85.250      0.000      0.000
        55   55    0          0.000      0.000    -80.040      0.000      0.000
         6    6    0          0.000      0.000    -79.280      0.000      0.000
        22   22    0          0.000      0.000    -85.730      0.000      0.000
        39   39    0          0.000      0.000    -85.740      0.000      0.000
        55   55    0          0.000      0.000    -79.300      0.000      0.000
         6    6    0          0.000      0.000      0.000     -1.732      0.000
        22   22    0          0.000      0.000      0.000     -1.739      0.000
        39   39    0          0.000      0.000      0.000     -1.747      0.000
        55   55    0          0.000      0.000      0.000     -1.754      0.000
         6    6    0          0.000      0.000      0.000     -1.716      0.000
        22   22    0          0.000      0.000      0.000     -1.716      0.000
        39   39    0          0.000      0.000      0.000     -1.716      0.000
        55   55    0          0.000      0.000      0.000     -1.716      0.000
         0   20    0          0.000      0.000      0.000      0.000     -5.222
         4    4    0          0.000      0.000      0.000      0.000    -21.280
        16   16    0          0.000      0.000      0.000      0.000    -21.280

 AUG 21, 2024      TEXAS DEPARTMENT OF TRANSPORTATION (TxDOT)           PAGE  3
 CAP18                         BENT CAP ANALYSIS        Ver.  6.2   (Jul, 2011)


 PROB   1-LB   Live Loading Distributed Through Back Span Beams                 
 (CONTINUED)


 TABLE 4A.  DEAD LOAD RESULTS    ( WORKING STRESS )

      --------------------------------------------------------------------
      STA       DIST X (FT)    DEFLECTION (FT)   MOMENT (K-FT)   SHEAR (K)
      --------------------------------------------------------------------
       -1          -0.50          -0.000030            0.0            0.0
        0           0.00          -0.000026            0.0           -0.3
        1           0.50          -0.000022           -0.3           -1.1
        2           1.00          -0.000018           -1.1           -2.3
        3           1.50          -0.000014           -2.6           -3.4
        4           2.00          -0.000010           -4.6           -4.6
        5           2.50          -0.000007           -7.2           -5.7
        6           3.00          -0.000003          -10.3          -87.8
        7           3.50           0.000000          -95.0         -169.8
        8           4.00           0.000000         -180.2          -52.5
        9           4.50          -0.000006         -147.5           64.8
       10           5.00          -0.000016         -115.3           63.7
       11           5.50          -0.000030          -83.8           62.5
       12           6.00          -0.000046          -52.8           61.4
       13           6.50          -0.000064          -22.4           60.2
       14           7.00          -0.000083            7.5           59.1
       15           7.50          -0.000102           36.7           57.9
       16           8.00          -0.000120           65.4           56.8
       17           8.50          -0.000135           93.5           55.6
       18           9.00          -0.000148          121.1           54.5
       19           9.50          -0.000156          148.0           53.3
       20          10.00          -0.000160          174.4           52.2
       21          10.50          -0.000159          200.2           51.0
       22          11.00          -0.000151          225.4          -37.1
       23          11.50          -0.000136          163.1         -125.3
       24          12.00          -0.000116          100.1         -126.5
       25          12.50          -0.000093           36.6         -127.6
       26          13.00          -0.000068          -27.5         -128.8
       27          13.50          -0.000045          -92.2         -129.9
       28          14.00          -0.000024         -157.5         -131.1
       29          14.50          -0.000009         -223.3         -132.2
       30          15.00           0.000000         -289.7           -7.6
       31          15.50          -0.000001         -230.9          117.1
       32          16.00          -0.000008         -172.7          115.9
       33          16.50          -0.000022         -115.0          114.8
       34          17.00          -0.000039          -57.9          113.6
       35          17.50          -0.000057           -1.4          112.5
       36          18.00          -0.000076           54.5          111.3
       37          18.50          -0.000093          109.9          110.2
       38          19.00          -0.000107          164.7          109.0
       39          19.50          -0.000115          218.9           20.6
       40          20.00          -0.000117          185.3          -67.8
       41          20.50          -0.000112          151.1          -68.9
       42          21.00          -0.000103          116.4          -70.1
       43          21.50          -0.000090           81.1          -71.2

 AUG 21, 2024      TEXAS DEPARTMENT OF TRANSPORTATION (TxDOT)           PAGE  4
 CAP18                         BENT CAP ANALYSIS        Ver.  6.2   (Jul, 2011)


 PROB   1-LB   Live Loading Distributed Through Back Span Beams                 
 (CONTINUED)


 TABLE 4A.  DEAD LOAD RESULTS    ( WORKING STRESS )

      --------------------------------------------------------------------
      STA       DIST X (FT)    DEFLECTION (FT)   MOMENT (K-FT)   SHEAR (K)
      --------------------------------------------------------------------
       44          22.00          -0.000075           45.2          -72.4
       45          22.50          -0.000058            8.7          -73.5
       46          23.00          -0.000041          -28.3          -74.7
       47          23.50          -0.000025          -65.9          -75.8
       48          24.00          -0.000011         -104.1          -77.0
       49          24.50           0.000000         -142.9          -78.1
       50          25.00           0.000006         -182.2          -79.3
       51          25.50           0.000006         -222.1          -80.4
       52          26.00           0.000000         -262.6           45.2
       53          26.50          -0.000015         -176.9          170.9
       54          27.00          -0.000035          -91.8          169.7
       55          27.50          -0.000058           -7.2           87.2
       56          28.00          -0.000082           -4.6            4.6
       57          28.50          -0.000105           -2.6            3.4
       58          29.00          -0.000129           -1.1            2.3
       59          29.50          -0.000153           -0.3            1.1
       60          30.00          -0.000177            0.0            0.3
       61          30.50          -0.000200            0.0            0.0
       62          31.00           0.000000            0.0            0.0

 AUG 21, 2024      TEXAS DEPARTMENT OF TRANSPORTATION (TxDOT)           PAGE  5
 CAP18                         BENT CAP ANALYSIS        Ver.  6.2   (Jul, 2011)


 PROB   1-LB   Live Loading Distributed Through Back Span Beams                 
 (CONTINUED)


 TABLE 5.  MULTI-LANE LOADING SUMMARY    ( WORKING STRESS )
           ( *--CRITICAL NUMBER OF LANE LOADS)

      MOMENT ( FT-K )
      ------------------------------------------------------------------------
      AT     DEAD LD   LANE   POSITIVE   LOAD AT    LANE   NEGATIVE   LOAD AT
      STA     EFFECT   ORDER  MAXIMUM    LANE STA   ORDER  MAXIMUM    LANE STA
      ------------------------------------------------------------------------

        6      -10.3
                        0        0.0                 0        0.0
                        1        0.0                 1        0.0
                        2        0.0                 2        0.0
                        0*                           0*

        8     -180.2
                        0        0.0                 0      -91.9      1    2
                        1        0.0                 1      -91.9      1    2
                        2        0.0                 2        0.0
                        0*                           0*

       22      225.4
                        0      168.4      0   11     0      -40.0      2   35
                        1      167.7      1   10     1      -40.0      2   35
                        2        0.0                 2        0.0
                        0*                           0*

       30     -289.7
                        0        0.0                 0     -153.0      0   21
                        1        0.0                 1     -113.4      2   30
                        2        0.0                 2     -109.1      1   10
                        0*                           2*

       39      218.9
                        0      179.5      0   29     0      -39.9      1    6
                        1      179.0      2   30     1      -39.9      1    6
                        2        0.0                 2        0.0
                        0*                           0*

       52     -262.6
                        0        0.0                 0     -137.8      2   39
                        1        0.0                 1     -137.8      2   39
                        2        0.0                 2        0.0
                        0*                           0*

       55       -7.2
                        0        0.0                 0        0.0
                        1        0.0                 1        0.0
                        2        0.0                 2        0.0
                        0*                           0*

 AUG 21, 2024      TEXAS DEPARTMENT OF TRANSPORTATION (TxDOT)           PAGE  6
 CAP18                         BENT CAP ANALYSIS        Ver.  6.2   (Jul, 2011)


 PROB   1-LB   Live Loading Distributed Through Back Span Beams                 
 (CONTINUED)


      SHEAR ( K )
      ------------------------------------------------------------------------
      AT     DEAD LD   LANE   POSITIVE   LOAD AT    LANE   NEGATIVE   LOAD AT
      STA     EFFECT   ORDER  MAXIMUM    LANE STA   ORDER  MAXIMUM    LANE STA
      ------------------------------------------------------------------------

        4       -4.6
                        0        0.0                 0        0.0
                        1        0.0                 1        0.0
                        2        0.0                 2        0.0
                        0*                           0*

       10       63.7
                        0       29.7      1    7     0       -5.7      2   35
                        1       29.7      1    7     1       -5.7      2   35
                        2        0.0                 2        0.0
                        0*                           0*

       28     -131.1
                        0        0.0                 0      -73.7      0   14
                        1        0.0                 1      -69.2      1   10
                        2        0.0                 2      -22.2      2   30
                        0*                           2*

       32      115.9
                        0       68.7      0   26     0        0.0
                        1       65.0      2   30     1        0.0
                        2       18.7      1   10     2        0.0
                        2*                           0*

       50      -79.3
                        0        6.1      1    6     0      -36.8      2   35
                        1        6.1      1    6     1      -36.8      2   35
                        2        0.0                 2        0.0
                        0*                           0*

       57        3.4
                        0        0.0                 0        0.0
                        1        0.0                 1        0.0
                        2        0.0                 2        0.0
                        0*                           0*

 AUG 21, 2024      TEXAS DEPARTMENT OF TRANSPORTATION (TxDOT)           PAGE  7
 CAP18                         BENT CAP ANALYSIS        Ver.  6.2   (Jul, 2011)


 PROB   1-LB   Live Loading Distributed Through Back Span Beams                 
 (CONTINUED)


      REACTION ( K )
      ------------------------------------------------------------------------
      AT     DEAD LD   LANE   POSITIVE   LOAD AT    LANE   NEGATIVE   LOAD AT
      STA     EFFECT   ORDER  MAXIMUM    LANE STA   ORDER  MAXIMUM    LANE STA
      ------------------------------------------------------------------------

        8      237.0
                        0      117.1      1    2     0       -5.7      2   35
                        1      117.1      1    2     1       -5.7      2   35
                        2        0.0                 2        0.0
                        0*                           0*

       30      251.6
                        0      117.6      0   20     0        0.0
                        1       87.9      1   10     1        0.0
                        2       87.2      2   30     2        0.0
                        2*                           0*

       52      253.6
                        0      124.8      2   39     0       -6.1      1    6
                        1      124.8      2   39     1       -6.1      1    6
                        2        0.0                 2        0.0
                        0*                           0*

 AUG 21, 2024      TEXAS DEPARTMENT OF TRANSPORTATION (TxDOT)           PAGE  8
 CAP18                         BENT CAP ANALYSIS        Ver.  6.2   (Jul, 2011)


 PROB   1-LB   Live Loading Distributed Through Back Span Beams                 
 (CONTINUED)


 TABLE 6.  ENVELOPES OF MAXIMUM VALUES   ( WORKING STRESS )

      ------------------------------------------------------------------------
      STA    DIST X       MAX + MOM    MAX - MOM     MAX + SHEAR   MAX - SHEAR
             ( FT )       ( FT-K )      ( FT-K )        ( K )         ( K )     
      ------------------------------------------------------------------------
       -1     -0.50           0.0           0.0           0.0           0.0
        0      0.00           0.0           0.0          -0.3          -0.3
        1      0.50          -0.3          -0.3          -1.1          -1.1
        2      1.00          -1.1          -1.1          -2.3          -2.3
        3      1.50          -2.6          -2.6          -3.4          -3.4
        4      2.00          -4.6          -4.6          -4.6          -4.6
        5      2.50          -7.2          -7.2          -5.7          -5.7
        6      3.00         -10.3         -10.3         -87.8        -142.9
        7      3.50         -95.0        -150.1        -169.8        -280.1
        8      4.00        -180.2        -290.4         -42.5         -92.5
        9      4.50        -139.0        -242.5         100.5          58.0
       10      5.00         -95.3        -195.3          99.3          56.8
       11      5.50         -52.1        -148.5          98.2          55.7
       12      6.00          -8.6        -102.4          97.0          54.5
       13      6.50          35.5         -56.8          95.9          53.4
       14      7.00          79.9         -13.1          94.7          52.2
       15      7.50         124.4          12.7          93.6          51.1
       16      8.00         168.7          38.0          92.4          49.9
       17      8.50         212.7          62.7          91.3          48.8
       18      9.00         256.4          86.8          90.1          47.6
       19      9.50         299.9         110.3          89.0          46.5
       20     10.00         342.7         133.3          87.8          45.3
       21     10.50         385.4         155.6          86.7          44.2
       22     11.00         427.5         177.4         -37.1         -70.2
       23     11.50         322.7         109.8        -125.3        -216.8
       24     12.00         218.4          39.6        -126.5        -217.9
       25     12.50         115.3         -33.6        -127.6        -219.1
       26     13.00          15.4        -110.6        -128.8        -220.2
       27     13.50         -79.8        -192.5        -129.9        -221.4
       28     14.00        -157.5        -288.7        -131.1        -222.5
       29     14.50        -223.3        -400.2        -132.2        -223.7
       30     15.00        -289.7        -512.3          19.0         -38.2
       31     15.50        -230.9        -411.7         200.7         117.1
       32     16.00        -172.7        -311.6         199.6         115.9
       33     16.50        -103.7        -218.8         198.4         114.8
       34     17.00         -25.1        -145.2         197.3         113.6
       35     17.50          62.3         -76.3         196.1         112.5
       36     18.00         153.7         -11.0         195.0         111.3
       37     18.50         246.7          51.5         193.8         110.2
       38     19.00         340.5         111.7         192.7         109.0
       39     19.50         434.3         171.1          47.3          14.2
       40     20.00         380.8         141.2         -60.4        -111.9
       41     20.50         326.8         110.7         -61.5        -113.0
       42     21.00         272.8          79.6         -62.7        -114.2

 AUG 21, 2024      TEXAS DEPARTMENT OF TRANSPORTATION (TxDOT)           PAGE  9
 CAP18                         BENT CAP ANALYSIS        Ver.  6.2   (Jul, 2011)


 PROB   1-LB   Live Loading Distributed Through Back Span Beams                 
 (CONTINUED)


 TABLE 6.  ENVELOPES OF MAXIMUM VALUES   ( WORKING STRESS )

      ------------------------------------------------------------------------
      STA    DIST X       MAX + MOM    MAX - MOM     MAX + SHEAR   MAX - SHEAR
             ( FT )       ( FT-K )      ( FT-K )        ( K )         ( K )     
      ------------------------------------------------------------------------
       43     21.50         218.3          48.0         -63.8        -115.3
       44     22.00         164.0          15.8         -65.0        -116.5
       45     22.50         109.5         -18.4         -66.1        -117.6
       46     23.00          55.1         -75.2         -67.3        -118.8
       47     23.50           1.0        -132.6         -68.4        -119.9
       48     24.00         -52.4        -190.5         -69.6        -121.1
       49     24.50        -105.3        -249.0         -70.7        -122.2
       50     25.00        -158.7        -308.1         -71.9        -123.4
       51     25.50        -212.4        -367.8         -73.0        -124.5
       52     26.00        -262.6        -428.0          80.6          32.7
       53     26.50        -176.9        -287.1         281.1         170.9
       54     27.00         -91.8        -146.9         280.0         169.7
       55     27.50          -7.2          -7.2         142.3          87.2
       56     28.00          -4.6          -4.6           4.6           4.6
       57     28.50          -2.6          -2.6           3.4           3.4
       58     29.00          -1.1          -1.1           2.3           2.3
       59     29.50          -0.3          -0.3           1.1           1.1
       60     30.00           0.0           0.0           0.3           0.3
       61     30.50           0.0           0.0           0.0           0.0
       62     31.00           0.0           0.0           0.0           0.0

 AUG 21, 2024      TEXAS DEPARTMENT OF TRANSPORTATION (TxDOT)           PAGE 10
 CAP18                         BENT CAP ANALYSIS        Ver.  6.2   (Jul, 2011)


 PROB   1-LB   Live Loading Distributed Through Back Span Beams                 
 (CONTINUED)


 TABLE 7.  MAXIMUM SUPPORT REACTIONS   ( WORKING STRESS )

      ---------------------------------------------
      STA    DIST X      MAX + REACT    MAX - REACT
             ( FT )         ( K )          ( K )
      ---------------------------------------------
        8      4.00         377.5          230.1
       30     15.00         426.7          251.6
       52     26.00         403.3          246.2

 AUG 21, 2024      TEXAS DEPARTMENT OF TRANSPORTATION (TxDOT)           PAGE 11
 CAP18                         BENT CAP ANALYSIS        Ver.  6.2   (Jul, 2011)


 PROB   1-LB   Live Loading Distributed Through Back Span Beams                 
 (CONTINUED)


 TABLE 5.  MULTI-LANE LOADING SUMMARY    ( LOAD FACTOR)
           ( *--CRITICAL NUMBER OF LANE LOADS)

      MOMENT ( FT-K )
      ------------------------------------------------------------------------
      AT     DEAD LD   LANE   POSITIVE   LOAD AT    LANE   NEGATIVE   LOAD AT
      STA     EFFECT   ORDER  MAXIMUM    LANE STA   ORDER  MAXIMUM    LANE STA
      ------------------------------------------------------------------------

        6      -12.9
                        0        0.0                 0        0.0
                        1        0.0                 1        0.0
                        2        0.0                 2        0.0
                        0*                           0*

        8     -226.1
                        0        0.0                 0     -160.8      1    2
                        1        0.0                 1     -160.8      1    2
                        2        0.0                 2        0.0
                        0*                           0*

       22      282.9
                        0      294.7      0   11     0      -70.0      2   35
                        1      293.4      1   10     1      -70.0      2   35
                        2        0.0                 2        0.0
                        0*                           0*

       30     -363.4
                        0        0.0                 0     -267.8      0   21
                        1        0.0                 1     -198.5      2   30
                        2        0.0                 2     -191.0      1   10
                        0*                           2*

       39      274.6
                        0      314.2      0   29     0      -69.7      1    6
                        1      313.3      2   30     1      -69.7      1    6
                        2        0.0                 2        0.0
                        0*                           0*

       52     -329.6
                        0        0.0                 0     -241.2      2   39
                        1        0.0                 1     -241.2      2   39
                        2        0.0                 2        0.0
                        0*                           0*

       55       -9.0
                        0        0.0                 0        0.0
                        1        0.0                 1        0.0
                        2        0.0                 2        0.0
                        0*                           0*

 AUG 21, 2024      TEXAS DEPARTMENT OF TRANSPORTATION (TxDOT)           PAGE 12
 CAP18                         BENT CAP ANALYSIS        Ver.  6.2   (Jul, 2011)


 PROB   1-LB   Live Loading Distributed Through Back Span Beams                 
 (CONTINUED)


      SHEAR ( K )
      ------------------------------------------------------------------------
      AT     DEAD LD   LANE   POSITIVE   LOAD AT    LANE   NEGATIVE   LOAD AT
      STA     EFFECT   ORDER  MAXIMUM    LANE STA   ORDER  MAXIMUM    LANE STA
      ------------------------------------------------------------------------

        4       -5.8
                        0        0.0                 0        0.0
                        1        0.0                 1        0.0
                        2        0.0                 2        0.0
                        0*                           0*

       10       79.9
                        0       52.0      1    7     0      -10.0      2   35
                        1       52.0      1    7     1      -10.0      2   35
                        2        0.0                 2        0.0
                        0*                           0*

       28     -164.5
                        0        0.0                 0     -129.0      0   14
                        1        0.0                 1     -121.1      1   10
                        2        0.0                 2      -38.9      2   30
                        0*                           2*

       32      145.4
                        0      120.1      0   26     0        0.0
                        1      113.7      2   30     1        0.0
                        2       32.7      1   10     2        0.0
                        2*                           0*

       50      -99.4
                        0       10.7      1    6     0      -64.4      2   35
                        1       10.7      1    6     1      -64.4      2   35
                        2        0.0                 2        0.0
                        0*                           0*

       57        4.3
                        0        0.0                 0        0.0
                        1        0.0                 1        0.0
                        2        0.0                 2        0.0
                        0*                           0*

 AUG 21, 2024      TEXAS DEPARTMENT OF TRANSPORTATION (TxDOT)           PAGE 13
 CAP18                         BENT CAP ANALYSIS        Ver.  6.2   (Jul, 2011)


 PROB   1-LB   Live Loading Distributed Through Back Span Beams                 
 (CONTINUED)


      REACTION ( K )
      ------------------------------------------------------------------------
      AT     DEAD LD   LANE   POSITIVE   LOAD AT    LANE   NEGATIVE   LOAD AT
      STA     EFFECT   ORDER  MAXIMUM    LANE STA   ORDER  MAXIMUM    LANE STA
      ------------------------------------------------------------------------

        8      297.3
                        0      205.0      1    2     0      -10.0      2   35
                        1      205.0      1    2     1      -10.0      2   35
                        2        0.0                 2        0.0
                        0*                           0*

       30      315.6
                        0      205.8      0   20     0        0.0
                        1      153.8      1   10     1        0.0
                        2      152.6      2   30     2        0.0
                        2*                           0*

       52      318.2
                        0      218.4      2   39     0      -10.7      1    6
                        1      218.4      2   39     1      -10.7      1    6
                        2        0.0                 2        0.0
                        0*                           0*

 AUG 21, 2024      TEXAS DEPARTMENT OF TRANSPORTATION (TxDOT)           PAGE 14
 CAP18                         BENT CAP ANALYSIS        Ver.  6.2   (Jul, 2011)


 PROB   1-LB   Live Loading Distributed Through Back Span Beams                 
 (CONTINUED)


 TABLE 6.  ENVELOPES OF MAXIMUM VALUES   ( LOAD FACTOR )

      ------------------------------------------------------------------------
      STA    DIST X       MAX + MOM     MAX - MOM    MAX + SHEAR   MAX - SHEAR 
             ( FT )       ( FT-K )      ( FT-K )        ( K )         ( K )     
      ------------------------------------------------------------------------
       -1     -0.50           0.0           0.0           0.0           0.0
        0      0.00           0.0           0.0          -0.4          -0.4
        1      0.50          -0.4          -0.4          -1.4          -1.4
        2      1.00          -1.4          -1.4          -2.9          -2.9
        3      1.50          -3.2          -3.2          -4.3          -4.3
        4      2.00          -5.8          -5.8          -5.8          -5.8
        5      2.50          -9.0          -9.0          -7.2          -7.2
        6      3.00         -12.9         -12.9        -110.2        -206.6
        7      3.50        -119.1        -215.6        -213.1        -406.1
        8      4.00        -226.1        -419.0         -48.4        -135.8
        9      4.50        -170.3        -351.5         143.7          69.3
       10      5.00        -109.7        -284.6         142.3          67.9
       11      5.50         -49.8        -218.5         140.8          66.5
       12      6.00          11.0        -153.1         139.4          65.0
       13      6.50          73.2         -88.4         138.0          63.6
       14      7.00         136.0         -26.7         136.5          62.1
       15      7.50         199.4           4.0         135.1          60.7
       16      8.00         262.7          34.0         133.7          59.3
       17      8.50         325.8          63.3         132.2          57.8
       18      9.00         388.8          91.8         130.8          56.4
       19      9.50         451.4         119.7         129.3          55.0
       20     10.00         513.3         146.8         127.9          53.5
       21     10.50         575.2         173.2         126.5          52.1
       22     11.00         636.5         198.9         -46.6        -104.4
       23     11.50         484.0         111.3        -157.3        -317.2
       24     12.00         332.6          19.7        -158.7        -318.7
       25     12.50         183.7         -76.9        -160.1        -320.1
       26     13.00          40.5        -179.9        -161.6        -321.5
       27     13.50         -94.0        -291.1        -163.0        -323.0
       28     14.00        -197.5        -427.1        -164.5        -324.4
       29     14.50        -280.1        -589.7        -165.9        -325.9
       30     15.00        -363.4        -752.9          36.9         -63.0
       31     15.50        -289.7        -606.0         293.3         146.8
       32     16.00        -216.6        -459.7         291.8         145.4
       33     16.50        -124.5        -325.9         290.4         143.9
       34     17.00         -15.2        -225.4         289.0         142.5
       35     17.50         109.7        -132.8         287.5         141.1
       36     18.00         241.9         -46.2         286.1         139.6
       37     18.50         377.4          35.7         284.6         138.2
       38     19.00         514.3         113.9         283.2         136.8
       39     19.50         651.7         190.9          72.5          14.6
       40     20.00         574.6         155.2         -72.2        -162.3
       41     20.50         497.0         118.8         -73.6        -163.7
       42     21.00         419.8          81.6         -75.0        -165.2
       43     21.50         341.8          43.7         -76.5        -166.6
       44     22.00         264.6           5.1         -77.9        -168.0
       45     22.50         187.2         -36.7         -79.4        -169.5
       46     23.00         110.3        -117.7         -80.8        -170.9
       47     23.50          34.3        -199.5         -82.2        -172.3
       48     24.00         -40.3        -281.9         -83.7        -173.8

 AUG 21, 2024      TEXAS DEPARTMENT OF TRANSPORTATION (TxDOT)           PAGE 15
 CAP18                         BENT CAP ANALYSIS        Ver.  6.2   (Jul, 2011)


 PROB   1-LB   Live Loading Distributed Through Back Span Beams                 
 (CONTINUED)


 TABLE 6.  ENVELOPES OF MAXIMUM VALUES   ( LOAD FACTOR )

      ------------------------------------------------------------------------
      STA    DIST X       MAX + MOM     MAX - MOM    MAX + SHEAR   MAX - SHEAR 
             ( FT )       ( FT-K )      ( FT-K )        ( K )         ( K )     
      ------------------------------------------------------------------------
       49     24.50        -113.6        -365.1         -85.1        -175.2
       50     25.00        -187.6        -449.0         -86.5        -176.7
       51     25.50        -261.8        -533.6         -88.0        -178.1
       52     26.00        -329.6        -619.0         118.7          34.9
       53     26.50        -222.0        -414.9         407.4         214.4
       54     27.00        -115.1        -211.6         405.9         213.0
       55     27.50          -9.0          -9.0         205.8         109.4
       56     28.00          -5.8          -5.8           5.8           5.8
       57     28.50          -3.2          -3.2           4.3           4.3
       58     29.00          -1.4          -1.4           2.9           2.9
       59     29.50          -0.4          -0.4           1.4           1.4
       60     30.00           0.0           0.0           0.4           0.4
       61     30.50           0.0           0.0           0.0           0.0
       62     31.00           0.0           0.0           0.0           0.0

 AUG 21, 2024      TEXAS DEPARTMENT OF TRANSPORTATION (TxDOT)           PAGE 16
 CAP18                         BENT CAP ANALYSIS        Ver.  6.2   (Jul, 2011)


 PROB   1-LB   Live Loading Distributed Through Back Span Beams                 
 (CONTINUED)


 TABLE 7.  MAXIMUM SUPPORT REACTIONS   ( LOAD FACTOR )

      ---------------------------------------------
      STA    DIST X      MAX + REACT    MAX - REACT
             ( FT )         ( K )          ( K )
      ---------------------------------------------
        8      4.00         543.3          285.3
       30     15.00         622.0          315.6
       52     26.00         580.2          305.3

 AUG 21, 2024      TEXAS DEPARTMENT OF TRANSPORTATION (TxDOT)           PAGE 17
 CAP18                         BENT CAP ANALYSIS        Ver.  6.2   (Jul, 2011)

      PSF                 HIGHWAY  PD-    CONTROL-   CODED
       NO      COUNTY        NO    IPE  SECTION-JOB   BY    DATE
                   Dallas     SH5                     CAM  7/25/2024           

 Bent Cap Analysis For SH5 SB Ramp: Bent 2                                      
 PROB   2-LF   Live Loading Distributed Through Forward Span Beams              


 ENGLISH SYSTEM UNITS

 TABLE 1.  CONTROL DATA

      OPTION TO PRINT TABLE SRS (1=YES)                                    0

                                                   ENVELOPES    TABLE NUMBER
                                                   OF MAXIMUMS   2    3    4
      KEEP FROM PRECEDING PROBLEM (1=YES)                0       1    0    0
      CARDS INPUT THIS PROBLEM                                            21

      OPTION TO CLEAR ENVELOPES BEFORE LANE LOADINGS (1=YES)               0

      OPTION TO OMIT PRINT FOR TABLES (TABLE DESIGNATIONS IN PARENTHESES)
         -1(4A), -2(5) -3(4A,5), -4(4A,5,6), -5(4A,5,6,7):                0

      SKEW ANGLE, DEGREES                                              0.000


 TABLE 2.  CONSTANTS

          USING DATA FROM THE PREVIOUS PROBLEM

 AUG 21, 2024      TEXAS DEPARTMENT OF TRANSPORTATION (TxDOT)           PAGE 18
 CAP18                         BENT CAP ANALYSIS        Ver.  6.2   (Jul, 2011)


 PROB   2-LF   Live Loading Distributed Through Forward Span Beams              
 (CONTINUED)


 TABLE 3.  LISTS OF STATIONS

                   NUM OF      NUM OF      NUM OF      NUM MOM     NUM SHEAR
                   LANES     STRINGERS    SUPPORTS    CONTR PTS    CONTR PTS
      TOTAL           2           4           3           7           6

      LANE LEFT       2    30

      LANE RIGHT     30    59
      STRINGERS     6.0  22.0  39.0  55.0
      SUPPORTS        8    30    52
      MOM CONTR       6     8    22    30    39    52    55
      SHEAR CONTR     4    10    28    32    50    57


 TABLE 4.  STIFFNESS AND LOAD DATA 

      -------------------------------------------------------------------------
      FIXED-OR-MOVABLE ------------ FIXED-POSITION DATA ------------  MOVABLE-
      STA   STA  CONTD CAP BENDING   SIDEWALK,  STRINGER,    OVERLAY  POSITION
      FROM   TO  IF=1  STIFFNESS    SLAB LOADS  CAP LOADS    LOADS    SLAB LOADS
                       ( K-FT*FT )    ( K )      ( K )       ( K )      ( K )  
      -------------------------------------------------------------------------
         0   60    0    7924000.000      0.000     -1.050      0.000      0.000
         0   60    0          0.000      0.000     -0.100      0.000      0.000
         6    6    0          0.000      0.000    -79.040      0.000      0.000
        22   22    0          0.000      0.000    -84.900      0.000      0.000
        39   39    0          0.000      0.000    -85.250      0.000      0.000
        55   55    0          0.000      0.000    -80.040      0.000      0.000
         6    6    0          0.000      0.000    -79.280      0.000      0.000
        22   22    0          0.000      0.000    -85.730      0.000      0.000
        39   39    0          0.000      0.000    -85.740      0.000      0.000
        55   55    0          0.000      0.000    -79.300      0.000      0.000
         6    6    0          0.000      0.000      0.000     -1.732      0.000
        22   22    0          0.000      0.000      0.000     -1.739      0.000
        39   39    0          0.000      0.000      0.000     -1.747      0.000
        55   55    0          0.000      0.000      0.000     -1.754      0.000
         6    6    0          0.000      0.000      0.000     -1.716      0.000
        22   22    0          0.000      0.000      0.000     -1.716      0.000
        39   39    0          0.000      0.000      0.000     -1.716      0.000
        55   55    0          0.000      0.000      0.000     -1.716      0.000
         0   20    0          0.000      0.000      0.000      0.000     -5.222
         4    4    0          0.000      0.000      0.000      0.000    -21.280
        16   16    0          0.000      0.000      0.000      0.000    -21.280

 AUG 21, 2024      TEXAS DEPARTMENT OF TRANSPORTATION (TxDOT)           PAGE 19
 CAP18                         BENT CAP ANALYSIS        Ver.  6.2   (Jul, 2011)


 PROB   2-LF   Live Loading Distributed Through Forward Span Beams              
 (CONTINUED)


 TABLE 4A.  DEAD LOAD RESULTS    ( WORKING STRESS )

      --------------------------------------------------------------------
      STA       DIST X (FT)    DEFLECTION (FT)   MOMENT (K-FT)   SHEAR (K)
      --------------------------------------------------------------------
       -1          -0.50          -0.000030            0.0            0.0
        0           0.00          -0.000026            0.0           -0.3
        1           0.50          -0.000022           -0.3           -1.1
        2           1.00          -0.000018           -1.1           -2.3
        3           1.50          -0.000014           -2.6           -3.4
        4           2.00          -0.000010           -4.6           -4.6
        5           2.50          -0.000007           -7.2           -5.7
        6           3.00          -0.000003          -10.3          -87.8
        7           3.50           0.000000          -95.0         -169.8
        8           4.00           0.000000         -180.2          -52.5
        9           4.50          -0.000006         -147.5           64.8
       10           5.00          -0.000016         -115.3           63.7
       11           5.50          -0.000030          -83.8           62.5
       12           6.00          -0.000046          -52.8           61.4
       13           6.50          -0.000064          -22.4           60.2
       14           7.00          -0.000083            7.5           59.1
       15           7.50          -0.000102           36.7           57.9
       16           8.00          -0.000120           65.4           56.8
       17           8.50          -0.000135           93.5           55.6
       18           9.00          -0.000148          121.1           54.5
       19           9.50          -0.000156          148.0           53.3
       20          10.00          -0.000160          174.4           52.2
       21          10.50          -0.000159          200.2           51.0
       22          11.00          -0.000151          225.4          -37.1
       23          11.50          -0.000136          163.1         -125.3
       24          12.00          -0.000116          100.1         -126.5
       25          12.50          -0.000093           36.6         -127.6
       26          13.00          -0.000068          -27.5         -128.8
       27          13.50          -0.000045          -92.2         -129.9
       28          14.00          -0.000024         -157.5         -131.1
       29          14.50          -0.000009         -223.3         -132.2
       30          15.00           0.000000         -289.7           -7.6
       31          15.50          -0.000001         -230.9          117.1
       32          16.00          -0.000008         -172.7          115.9
       33          16.50          -0.000022         -115.0          114.8
       34          17.00          -0.000039          -57.9          113.6
       35          17.50          -0.000057           -1.4          112.5
       36          18.00          -0.000076           54.5          111.3
       37          18.50          -0.000093          109.9          110.2
       38          19.00          -0.000107          164.7          109.0
       39          19.50          -0.000115          218.9           20.6
       40          20.00          -0.000117          185.3          -67.8
       41          20.50          -0.000112          151.1          -68.9
       42          21.00          -0.000103          116.4          -70.1
       43          21.50          -0.000090           81.1          -71.2

 AUG 21, 2024      TEXAS DEPARTMENT OF TRANSPORTATION (TxDOT)           PAGE 20
 CAP18                         BENT CAP ANALYSIS        Ver.  6.2   (Jul, 2011)


 PROB   2-LF   Live Loading Distributed Through Forward Span Beams              
 (CONTINUED)


 TABLE 4A.  DEAD LOAD RESULTS    ( WORKING STRESS )

      --------------------------------------------------------------------
      STA       DIST X (FT)    DEFLECTION (FT)   MOMENT (K-FT)   SHEAR (K)
      --------------------------------------------------------------------
       44          22.00          -0.000075           45.2          -72.4
       45          22.50          -0.000058            8.7          -73.5
       46          23.00          -0.000041          -28.3          -74.7
       47          23.50          -0.000025          -65.9          -75.8
       48          24.00          -0.000011         -104.1          -77.0
       49          24.50           0.000000         -142.9          -78.1
       50          25.00           0.000006         -182.2          -79.3
       51          25.50           0.000006         -222.1          -80.4
       52          26.00           0.000000         -262.6           45.2
       53          26.50          -0.000015         -176.9          170.9
       54          27.00          -0.000035          -91.8          169.7
       55          27.50          -0.000058           -7.2           87.2
       56          28.00          -0.000082           -4.6            4.6
       57          28.50          -0.000105           -2.6            3.4
       58          29.00          -0.000129           -1.1            2.3
       59          29.50          -0.000153           -0.3            1.1
       60          30.00          -0.000177            0.0            0.3
       61          30.50          -0.000200            0.0            0.0
       62          31.00           0.000000            0.0            0.0

 AUG 21, 2024      TEXAS DEPARTMENT OF TRANSPORTATION (TxDOT)           PAGE 21
 CAP18                         BENT CAP ANALYSIS        Ver.  6.2   (Jul, 2011)


 PROB   2-LF   Live Loading Distributed Through Forward Span Beams              
 (CONTINUED)


 TABLE 5.  MULTI-LANE LOADING SUMMARY    ( WORKING STRESS )
           ( *--CRITICAL NUMBER OF LANE LOADS)

      MOMENT ( FT-K )
      ------------------------------------------------------------------------
      AT     DEAD LD   LANE   POSITIVE   LOAD AT    LANE   NEGATIVE   LOAD AT
      STA     EFFECT   ORDER  MAXIMUM    LANE STA   ORDER  MAXIMUM    LANE STA
      ------------------------------------------------------------------------

        6      -10.3
                        0        0.0                 0        0.0
                        1        0.0                 1        0.0
                        2        0.0                 2        0.0
                        0*                           0*

        8     -180.2
                        0        0.0                 0      -91.9      1    2
                        1        0.0                 1      -91.9      1    2
                        2        0.0                 2        0.0
                        0*                           0*

       22      225.4
                        0      168.4      0   11     0      -40.0      2   35
                        1      167.7      1   10     1      -40.0      2   35
                        2        0.0                 2        0.0
                        0*                           0*

       30     -289.7
                        0        0.0                 0     -153.0      0   21
                        1        0.0                 1     -113.4      2   30
                        2        0.0                 2     -109.1      1   10
                        0*                           2*

       39      218.9
                        0      179.5      0   29     0      -39.9      1    6
                        1      179.0      2   30     1      -39.9      1    6
                        2        0.0                 2        0.0
                        0*                           0*

       52     -262.6
                        0        0.0                 0     -137.8      2   39
                        1        0.0                 1     -137.8      2   39
                        2        0.0                 2        0.0
                        0*                           0*

       55       -7.2
                        0        0.0                 0        0.0
                        1        0.0                 1        0.0
                        2        0.0                 2        0.0
                        0*                           0*

 AUG 21, 2024      TEXAS DEPARTMENT OF TRANSPORTATION (TxDOT)           PAGE 22
 CAP18                         BENT CAP ANALYSIS        Ver.  6.2   (Jul, 2011)


 PROB   2-LF   Live Loading Distributed Through Forward Span Beams              
 (CONTINUED)


      SHEAR ( K )
      ------------------------------------------------------------------------
      AT     DEAD LD   LANE   POSITIVE   LOAD AT    LANE   NEGATIVE   LOAD AT
      STA     EFFECT   ORDER  MAXIMUM    LANE STA   ORDER  MAXIMUM    LANE STA
      ------------------------------------------------------------------------

        4       -4.6
                        0        0.0                 0        0.0
                        1        0.0                 1        0.0
                        2        0.0                 2        0.0
                        0*                           0*

       10       63.7
                        0       29.7      1    7     0       -5.7      2   35
                        1       29.7      1    7     1       -5.7      2   35
                        2        0.0                 2        0.0
                        0*                           0*

       28     -131.1
                        0        0.0                 0      -73.7      0   14
                        1        0.0                 1      -69.2      1   10
                        2        0.0                 2      -22.2      2   30
                        0*                           2*

       32      115.9
                        0       68.7      0   26     0        0.0
                        1       65.0      2   30     1        0.0
                        2       18.7      1   10     2        0.0
                        2*                           0*

       50      -79.3
                        0        6.1      1    6     0      -36.8      2   35
                        1        6.1      1    6     1      -36.8      2   35
                        2        0.0                 2        0.0
                        0*                           0*

       57        3.4
                        0        0.0                 0        0.0
                        1        0.0                 1        0.0
                        2        0.0                 2        0.0
                        0*                           0*

 AUG 21, 2024      TEXAS DEPARTMENT OF TRANSPORTATION (TxDOT)           PAGE 23
 CAP18                         BENT CAP ANALYSIS        Ver.  6.2   (Jul, 2011)


 PROB   2-LF   Live Loading Distributed Through Forward Span Beams              
 (CONTINUED)


      REACTION ( K )
      ------------------------------------------------------------------------
      AT     DEAD LD   LANE   POSITIVE   LOAD AT    LANE   NEGATIVE   LOAD AT
      STA     EFFECT   ORDER  MAXIMUM    LANE STA   ORDER  MAXIMUM    LANE STA
      ------------------------------------------------------------------------

        8      237.0
                        0      117.1      1    2     0       -5.7      2   35
                        1      117.1      1    2     1       -5.7      2   35
                        2        0.0                 2        0.0
                        0*                           0*

       30      251.6
                        0      117.6      0   20     0        0.0
                        1       87.9      1   10     1        0.0
                        2       87.2      2   30     2        0.0
                        2*                           0*

       52      253.6
                        0      124.8      2   39     0       -6.1      1    6
                        1      124.8      2   39     1       -6.1      1    6
                        2        0.0                 2        0.0
                        0*                           0*

 AUG 21, 2024      TEXAS DEPARTMENT OF TRANSPORTATION (TxDOT)           PAGE 24
 CAP18                         BENT CAP ANALYSIS        Ver.  6.2   (Jul, 2011)


 PROB   2-LF   Live Loading Distributed Through Forward Span Beams              
 (CONTINUED)


 TABLE 6.  ENVELOPES OF MAXIMUM VALUES   ( WORKING STRESS )

      ------------------------------------------------------------------------
      STA    DIST X       MAX + MOM    MAX - MOM     MAX + SHEAR   MAX - SHEAR
             ( FT )       ( FT-K )      ( FT-K )        ( K )         ( K )     
      ------------------------------------------------------------------------
       -1     -0.50           0.0           0.0           0.0           0.0
        0      0.00           0.0           0.0          -0.3          -0.3
        1      0.50          -0.3          -0.3          -1.1          -1.1
        2      1.00          -1.1          -1.1          -2.3          -2.3
        3      1.50          -2.6          -2.6          -3.4          -3.4
        4      2.00          -4.6          -4.6          -4.6          -4.6
        5      2.50          -7.2          -7.2          -5.7          -5.7
        6      3.00         -10.3         -10.3         -87.8        -142.9
        7      3.50         -95.0        -150.1        -169.8        -280.1
        8      4.00        -180.2        -290.4         -42.5         -92.5
        9      4.50        -139.0        -242.5         100.5          58.0
       10      5.00         -95.3        -195.3          99.3          56.8
       11      5.50         -52.1        -148.5          98.2          55.7
       12      6.00          -8.6        -102.4          97.0          54.5
       13      6.50          35.5         -56.8          95.9          53.4
       14      7.00          79.9         -13.1          94.7          52.2
       15      7.50         124.4          12.7          93.6          51.1
       16      8.00         168.7          38.0          92.4          49.9
       17      8.50         212.7          62.7          91.3          48.8
       18      9.00         256.4          86.8          90.1          47.6
       19      9.50         299.9         110.3          89.0          46.5
       20     10.00         342.7         133.3          87.8          45.3
       21     10.50         385.4         155.6          86.7          44.2
       22     11.00         427.5         177.4         -37.1         -70.2
       23     11.50         322.7         109.8        -125.3        -216.8
       24     12.00         218.4          39.6        -126.5        -217.9
       25     12.50         115.3         -33.6        -127.6        -219.1
       26     13.00          15.4        -110.6        -128.8        -220.2
       27     13.50         -79.8        -192.5        -129.9        -221.4
       28     14.00        -157.5        -288.7        -131.1        -222.5
       29     14.50        -223.3        -400.2        -132.2        -223.7
       30     15.00        -289.7        -512.3          19.0         -38.2
       31     15.50        -230.9        -411.7         200.7         117.1
       32     16.00        -172.7        -311.6         199.6         115.9
       33     16.50        -103.7        -218.8         198.4         114.8
       34     17.00         -25.1        -145.2         197.3         113.6
       35     17.50          62.3         -76.3         196.1         112.5
       36     18.00         153.7         -11.0         195.0         111.3
       37     18.50         246.7          51.5         193.8         110.2
       38     19.00         340.5         111.7         192.7         109.0
       39     19.50         434.3         171.1          47.3          14.2
       40     20.00         380.8         141.2         -60.4        -111.9
       41     20.50         326.8         110.7         -61.5        -113.0
       42     21.00         272.8          79.6         -62.7        -114.2

 AUG 21, 2024      TEXAS DEPARTMENT OF TRANSPORTATION (TxDOT)           PAGE 25
 CAP18                         BENT CAP ANALYSIS        Ver.  6.2   (Jul, 2011)


 PROB   2-LF   Live Loading Distributed Through Forward Span Beams              
 (CONTINUED)


 TABLE 6.  ENVELOPES OF MAXIMUM VALUES   ( WORKING STRESS )

      ------------------------------------------------------------------------
      STA    DIST X       MAX + MOM    MAX - MOM     MAX + SHEAR   MAX - SHEAR
             ( FT )       ( FT-K )      ( FT-K )        ( K )         ( K )     
      ------------------------------------------------------------------------
       43     21.50         218.3          48.0         -63.8        -115.3
       44     22.00         164.0          15.8         -65.0        -116.5
       45     22.50         109.5         -18.4         -66.1        -117.6
       46     23.00          55.1         -75.2         -67.3        -118.8
       47     23.50           1.0        -132.6         -68.4        -119.9
       48     24.00         -52.4        -190.5         -69.6        -121.1
       49     24.50        -105.3        -249.0         -70.7        -122.2
       50     25.00        -158.7        -308.1         -71.9        -123.4
       51     25.50        -212.4        -367.8         -73.0        -124.5
       52     26.00        -262.6        -428.0          80.6          32.7
       53     26.50        -176.9        -287.1         281.1         170.9
       54     27.00         -91.8        -146.9         280.0         169.7
       55     27.50          -7.2          -7.2         142.3          87.2
       56     28.00          -4.6          -4.6           4.6           4.6
       57     28.50          -2.6          -2.6           3.4           3.4
       58     29.00          -1.1          -1.1           2.3           2.3
       59     29.50          -0.3          -0.3           1.1           1.1
       60     30.00           0.0           0.0           0.3           0.3
       61     30.50           0.0           0.0           0.0           0.0
       62     31.00           0.0           0.0           0.0           0.0

 AUG 21, 2024      TEXAS DEPARTMENT OF TRANSPORTATION (TxDOT)           PAGE 26
 CAP18                         BENT CAP ANALYSIS        Ver.  6.2   (Jul, 2011)


 PROB   2-LF   Live Loading Distributed Through Forward Span Beams              
 (CONTINUED)


 TABLE 7.  MAXIMUM SUPPORT REACTIONS   ( WORKING STRESS )

      ---------------------------------------------
      STA    DIST X      MAX + REACT    MAX - REACT
             ( FT )         ( K )          ( K )
      ---------------------------------------------
        8      4.00         377.5          230.1
       30     15.00         426.7          251.6
       52     26.00         403.3          246.2

 AUG 21, 2024      TEXAS DEPARTMENT OF TRANSPORTATION (TxDOT)           PAGE 27
 CAP18                         BENT CAP ANALYSIS        Ver.  6.2   (Jul, 2011)


 PROB   2-LF   Live Loading Distributed Through Forward Span Beams              
 (CONTINUED)


 TABLE 5.  MULTI-LANE LOADING SUMMARY    ( LOAD FACTOR)
           ( *--CRITICAL NUMBER OF LANE LOADS)

      MOMENT ( FT-K )
      ------------------------------------------------------------------------
      AT     DEAD LD   LANE   POSITIVE   LOAD AT    LANE   NEGATIVE   LOAD AT
      STA     EFFECT   ORDER  MAXIMUM    LANE STA   ORDER  MAXIMUM    LANE STA
      ------------------------------------------------------------------------

        6      -12.9
                        0        0.0                 0        0.0
                        1        0.0                 1        0.0
                        2        0.0                 2        0.0
                        0*                           0*

        8     -226.1
                        0        0.0                 0     -160.8      1    2
                        1        0.0                 1     -160.8      1    2
                        2        0.0                 2        0.0
                        0*                           0*

       22      282.9
                        0      294.7      0   11     0      -70.0      2   35
                        1      293.4      1   10     1      -70.0      2   35
                        2        0.0                 2        0.0
                        0*                           0*

       30     -363.4
                        0        0.0                 0     -267.8      0   21
                        1        0.0                 1     -198.5      2   30
                        2        0.0                 2     -191.0      1   10
                        0*                           2*

       39      274.6
                        0      314.2      0   29     0      -69.7      1    6
                        1      313.3      2   30     1      -69.7      1    6
                        2        0.0                 2        0.0
                        0*                           0*

       52     -329.6
                        0        0.0                 0     -241.2      2   39
                        1        0.0                 1     -241.2      2   39
                        2        0.0                 2        0.0
                        0*                           0*

       55       -9.0
                        0        0.0                 0        0.0
                        1        0.0                 1        0.0
                        2        0.0                 2        0.0
                        0*                           0*

 AUG 21, 2024      TEXAS DEPARTMENT OF TRANSPORTATION (TxDOT)           PAGE 28
 CAP18                         BENT CAP ANALYSIS        Ver.  6.2   (Jul, 2011)


 PROB   2-LF   Live Loading Distributed Through Forward Span Beams              
 (CONTINUED)


      SHEAR ( K )
      ------------------------------------------------------------------------
      AT     DEAD LD   LANE   POSITIVE   LOAD AT    LANE   NEGATIVE   LOAD AT
      STA     EFFECT   ORDER  MAXIMUM    LANE STA   ORDER  MAXIMUM    LANE STA
      ------------------------------------------------------------------------

        4       -5.8
                        0        0.0                 0        0.0
                        1        0.0                 1        0.0
                        2        0.0                 2        0.0
                        0*                           0*

       10       79.9
                        0       52.0      1    7     0      -10.0      2   35
                        1       52.0      1    7     1      -10.0      2   35
                        2        0.0                 2        0.0
                        0*                           0*

       28     -164.5
                        0        0.0                 0     -129.0      0   14
                        1        0.0                 1     -121.1      1   10
                        2        0.0                 2      -38.9      2   30
                        0*                           2*

       32      145.4
                        0      120.1      0   26     0        0.0
                        1      113.7      2   30     1        0.0
                        2       32.7      1   10     2        0.0
                        2*                           0*

       50      -99.4
                        0       10.7      1    6     0      -64.4      2   35
                        1       10.7      1    6     1      -64.4      2   35
                        2        0.0                 2        0.0
                        0*                           0*

       57        4.3
                        0        0.0                 0        0.0
                        1        0.0                 1        0.0
                        2        0.0                 2        0.0
                        0*                           0*

 AUG 21, 2024      TEXAS DEPARTMENT OF TRANSPORTATION (TxDOT)           PAGE 29
 CAP18                         BENT CAP ANALYSIS        Ver.  6.2   (Jul, 2011)


 PROB   2-LF   Live Loading Distributed Through Forward Span Beams              
 (CONTINUED)


      REACTION ( K )
      ------------------------------------------------------------------------
      AT     DEAD LD   LANE   POSITIVE   LOAD AT    LANE   NEGATIVE   LOAD AT
      STA     EFFECT   ORDER  MAXIMUM    LANE STA   ORDER  MAXIMUM    LANE STA
      ------------------------------------------------------------------------

        8      297.3
                        0      205.0      1    2     0      -10.0      2   35
                        1      205.0      1    2     1      -10.0      2   35
                        2        0.0                 2        0.0
                        0*                           0*

       30      315.6
                        0      205.8      0   20     0        0.0
                        1      153.8      1   10     1        0.0
                        2      152.6      2   30     2        0.0
                        2*                           0*

       52      318.2
                        0      218.4      2   39     0      -10.7      1    6
                        1      218.4      2   39     1      -10.7      1    6
                        2        0.0                 2        0.0
                        0*                           0*

 AUG 21, 2024      TEXAS DEPARTMENT OF TRANSPORTATION (TxDOT)           PAGE 30
 CAP18                         BENT CAP ANALYSIS        Ver.  6.2   (Jul, 2011)


 PROB   2-LF   Live Loading Distributed Through Forward Span Beams              
 (CONTINUED)


 TABLE 6.  ENVELOPES OF MAXIMUM VALUES   ( LOAD FACTOR )

      ------------------------------------------------------------------------
      STA    DIST X       MAX + MOM     MAX - MOM    MAX + SHEAR   MAX - SHEAR 
             ( FT )       ( FT-K )      ( FT-K )        ( K )         ( K )     
      ------------------------------------------------------------------------
       -1     -0.50           0.0           0.0           0.0           0.0
        0      0.00           0.0           0.0          -0.4          -0.4
        1      0.50          -0.4          -0.4          -1.4          -1.4
        2      1.00          -1.4          -1.4          -2.9          -2.9
        3      1.50          -3.2          -3.2          -4.3          -4.3
        4      2.00          -5.8          -5.8          -5.8          -5.8
        5      2.50          -9.0          -9.0          -7.2          -7.2
        6      3.00         -12.9         -12.9        -110.2        -206.6
        7      3.50        -119.1        -215.6        -213.1        -406.1
        8      4.00        -226.1        -419.0         -48.4        -135.8
        9      4.50        -170.3        -351.5         143.7          69.3
       10      5.00        -109.7        -284.6         142.3          67.9
       11      5.50         -49.8        -218.5         140.8          66.5
       12      6.00          11.0        -153.1         139.4          65.0
       13      6.50          73.2         -88.4         138.0          63.6
       14      7.00         136.0         -26.7         136.5          62.1
       15      7.50         199.4           4.0         135.1          60.7
       16      8.00         262.7          34.0         133.7          59.3
       17      8.50         325.8          63.3         132.2          57.8
       18      9.00         388.8          91.8         130.8          56.4
       19      9.50         451.4         119.7         129.3          55.0
       20     10.00         513.3         146.8         127.9          53.5
       21     10.50         575.2         173.2         126.5          52.1
       22     11.00         636.5         198.9         -46.6        -104.4
       23     11.50         484.0         111.3        -157.3        -317.2
       24     12.00         332.6          19.7        -158.7        -318.7
       25     12.50         183.7         -76.9        -160.1        -320.1
       26     13.00          40.5        -179.9        -161.6        -321.5
       27     13.50         -94.0        -291.1        -163.0        -323.0
       28     14.00        -197.5        -427.1        -164.5        -324.4
       29     14.50        -280.1        -589.7        -165.9        -325.9
       30     15.00        -363.4        -752.9          36.9         -63.0
       31     15.50        -289.7        -606.0         293.3         146.8
       32     16.00        -216.6        -459.7         291.8         145.4
       33     16.50        -124.5        -325.9         290.4         143.9
       34     17.00         -15.2        -225.4         289.0         142.5
       35     17.50         109.7        -132.8         287.5         141.1
       36     18.00         241.9         -46.2         286.1         139.6
       37     18.50         377.4          35.7         284.6         138.2
       38     19.00         514.3         113.9         283.2         136.8
       39     19.50         651.7         190.9          72.5          14.6
       40     20.00         574.6         155.2         -72.2        -162.3
       41     20.50         497.0         118.8         -73.6        -163.7
       42     21.00         419.8          81.6         -75.0        -165.2
       43     21.50         341.8          43.7         -76.5        -166.6
       44     22.00         264.6           5.1         -77.9        -168.0
       45     22.50         187.2         -36.7         -79.4        -169.5
       46     23.00         110.3        -117.7         -80.8        -170.9
       47     23.50          34.3        -199.5         -82.2        -172.3
       48     24.00         -40.3        -281.9         -83.7        -173.8

 AUG 21, 2024      TEXAS DEPARTMENT OF TRANSPORTATION (TxDOT)           PAGE 31
 CAP18                         BENT CAP ANALYSIS        Ver.  6.2   (Jul, 2011)


 PROB   2-LF   Live Loading Distributed Through Forward Span Beams              
 (CONTINUED)


 TABLE 6.  ENVELOPES OF MAXIMUM VALUES   ( LOAD FACTOR )

      ------------------------------------------------------------------------
      STA    DIST X       MAX + MOM     MAX - MOM    MAX + SHEAR   MAX - SHEAR 
             ( FT )       ( FT-K )      ( FT-K )        ( K )         ( K )     
      ------------------------------------------------------------------------
       49     24.50        -113.6        -365.1         -85.1        -175.2
       50     25.00        -187.6        -449.0         -86.5        -176.7
       51     25.50        -261.8        -533.6         -88.0        -178.1
       52     26.00        -329.6        -619.0         118.7          34.9
       53     26.50        -222.0        -414.9         407.4         214.4
       54     27.00        -115.1        -211.6         405.9         213.0
       55     27.50          -9.0          -9.0         205.8         109.4
       56     28.00          -5.8          -5.8           5.8           5.8
       57     28.50          -3.2          -3.2           4.3           4.3
       58     29.00          -1.4          -1.4           2.9           2.9
       59     29.50          -0.4          -0.4           1.4           1.4
       60     30.00           0.0           0.0           0.4           0.4
       61     30.50           0.0           0.0           0.0           0.0
       62     31.00           0.0           0.0           0.0           0.0

 AUG 21, 2024      TEXAS DEPARTMENT OF TRANSPORTATION (TxDOT)           PAGE 32
 CAP18                         BENT CAP ANALYSIS        Ver.  6.2   (Jul, 2011)


 PROB   2-LF   Live Loading Distributed Through Forward Span Beams              
 (CONTINUED)


 TABLE 7.  MAXIMUM SUPPORT REACTIONS   ( LOAD FACTOR )

      ---------------------------------------------
      STA    DIST X      MAX + REACT    MAX - REACT
             ( FT )         ( K )          ( K )
      ---------------------------------------------
        8      4.00         543.3          285.3
       30     15.00         622.0          315.6
       52     26.00         580.2          305.3
