 SEP 05, 2024      TEXAS DEPARTMENT OF TRANSPORTATION (TxDOT)           PAGE  1
 CAP18                         BENT CAP ANALYSIS        Ver.  6.2   (Jul, 2011)

      PSF                 HIGHWAY  PD-    CONTROL-   CODED
       NO      COUNTY        NO    IPE  SECTION-JOB   BY    DATE
     00001  ___County____  Highwy  Pro#  0000-00-000  BRG  SEP 05, 2024 Comment

                                                       Bent Cap Analysis For XXX
 PROB      1                                                 problem description


 ENGLISH SYSTEM UNITS

 TABLE 1.  CONTROL DATA

      OPTION TO PRINT TABLE SRS (1=YES)                                    1

                                                   ENVELOPES    TABLE NUMBER
                                                   OF MAXIMUMS   2    3    4
      KEEP FROM PRECEDING PROBLEM (1=YES)                0       0    0    0
      CARDS INPUT THIS PROBLEM                                            15

      OPTION TO CLEAR ENVELOPES BEFORE LANE LOADINGS (1=YES)               0

      OPTION TO OMIT PRINT FOR TABLES (TABLE DESIGNATIONS IN PARENTHESES)
         -1(4A), -2(5) -3(4A,5), -4(4A,5,6), -5(4A,5,6,7):                0

      SKEW ANGLE, DEGREES                                              0.000


 TABLE 2.  CONSTANTS

      NUMBER OF INCREMENTS FOR SLAB AND CAP                               80
      INCREMENT LENGTH, FT                                             0.500
      NUMBER OF INCREMENTS FOR MOVABLE LOAD                               20
      START POSITION OF MOVABLE-LOAD STA ZERO                              2
      STOP POSITION OF MOVABLE-LOAD STA ZERO                              58
      NUMBER OF INCREMENTS BETWEEN EACH POSITION OF MOVABLE LOAD           1

      ANALYSIS OPTION (1=WORKING STRESS, 2=LOAD FACTOR, 3=BOTH)            3

      LOAD FACTOR FOR DEAD LOAD                                         1.25
      LOAD FACTOR FOR OVERLAY LOAD                                      1.50
      LOAD FACTOR FOR LIVE LOAD                                         1.75

      MAXIMUM NUMBER OF LANES TO BE LOADED SIMULTANEOUSLY                  3

      LIST OF LOAD COEFFICIENTS CORRESPONDING TO NUMBER OF LANES LOADED 
            1              2              3              4              5
           1.200          1.000          0.850

 SEP 05, 2024      TEXAS DEPARTMENT OF TRANSPORTATION (TxDOT)           PAGE  2
 CAP18                         BENT CAP ANALYSIS        Ver.  6.2   (Jul, 2011)


 PROB      1                                                 problem description
 (CONTINUED)


 TABLE 3.  LISTS OF STATIONS

                   NUM OF      NUM OF      NUM OF      NUM MOM     NUM SHEAR
                   LANES     STRINGERS    SUPPORTS    CONTR PTS    CONTR PTS
      TOTAL           3           5           3          11           3

      LANE LEFT       2    26    54

      LANE RIGHT     26    54    78
      STRINGERS     6.0  23.0  40.0  57.0  74.0
      SUPPORTS       10    40    70
      MOM CONTR       6    10    19    23    33    40    47    57    60    65
                     70
      SHEAR CONTR     8    12    38


 TABLE 4.  STIFFNESS AND LOAD DATA 

      -------------------------------------------------------------------------
      FIXED-OR-MOVABLE ------------ FIXED-POSITION DATA ------------  MOVABLE-
      STA   STA  CONTD CAP BENDING   SIDEWALK,  STRINGER,    OVERLAY  POSITION
      FROM   TO  IF=1  STIFFNESS    SLAB LOADS  CAP LOADS    LOADS    SLAB LOADS
                       ( K-FT*FT )    ( K )      ( K )       ( K )      ( K )  
      -------------------------------------------------------------------------
         2   78    0    4600000.000      0.000     -0.792      0.000      0.000
         6    6    0          0.000      0.000    -92.190      0.000     -9.920
        23   23    0          0.000      0.000    -92.190      0.000     -9.920
        40   40    0          0.000      0.000    -92.190      0.000     -9.920
        57   57    0          0.000      0.000    -92.190      0.000     -9.920
        74   74    0          0.000      0.000    -92.190      0.000     -9.920
         6    6    0          0.000      0.000    -98.620      0.000     -9.520
        20   20    0          0.000      0.000    -98.620      0.000     -9.520
        33   33    0          0.000      0.000    -98.620      0.000     -9.520
        47   47    0          0.000      0.000    -98.620      0.000     -9.520
        60   60    0          0.000      0.000    -98.620      0.000     -9.520
        74   74    0          0.000      0.000    -98.620      0.000     -9.520
         0   20    0          0.000      0.000      0.000     -5.860      0.000
         4    4    0          0.000      0.000      0.000    -21.300      0.000
        16   16    0          0.000      0.000      0.000    -21.300      0.000

 SEP 05, 2024      TEXAS DEPARTMENT OF TRANSPORTATION (TxDOT)           PAGE  3
 CAP18                         BENT CAP ANALYSIS        Ver.  6.2   (Jul, 2011)


 PROB      1                                                 problem description
 (CONTINUED)


 TABLE 4A.  DEAD LOAD RESULTS    ( WORKING STRESS )

      --------------------------------------------------------------------
      STA       DIST X (FT)    DEFLECTION (FT)   MOMENT (K-FT)   SHEAR (K)
      --------------------------------------------------------------------
       -1          -0.50           0.000000            0.0            0.0
        0           0.00           0.000000            0.0            0.0
        1           0.50          -0.000713            0.0            0.0
        2           1.00          -0.000623            0.0           -0.2
        3           1.50          -0.000533           -0.2           -0.8
        4           2.00          -0.000442           -0.8          -12.2
        5           2.50          -0.000352          -12.4          -23.7
        6           3.00          -0.000262          -24.5         -164.7
        7           3.50          -0.000174         -177.1         -305.7
        8           4.00          -0.000095         -330.2         -306.5
        9           4.50          -0.000034         -483.6         -307.3
       10           5.00           0.000000         -637.4          -57.8
       11           5.50           0.000000         -541.4          191.6
       12           6.00          -0.000030         -445.8          190.8
       13           6.50          -0.000084         -350.6          190.0
       14           7.00          -0.000156         -255.8          189.2
       15           7.50          -0.000243         -161.4          188.4
       16           8.00          -0.000339          -67.4          177.0
       17           8.50          -0.000438           15.6          165.6
       18           9.00          -0.000536           98.2          164.8
       19           9.50          -0.000629          180.4          164.0
       20          10.00          -0.000713          262.2          113.9
       21          10.50          -0.000782          294.3           63.8
       22          11.00          -0.000834          326.0           63.0
       23          11.50          -0.000870          357.2            2.3
       24          12.00          -0.000886          328.3          -58.4
       25          12.50          -0.000884          298.9          -59.2
       26          13.00          -0.000865          269.1          -60.0
       27          13.50          -0.000832          238.9          -60.7
       28          14.00          -0.000787          208.4          -61.5
       29          14.50          -0.000729          177.4          -62.3
       30          15.00          -0.000663          146.0          -63.1
       31          15.50          -0.000588          114.3          -63.9
       32          16.00          -0.000507           82.1          -64.7
       33          16.50          -0.000422           49.6         -114.8
       34          17.00          -0.000333          -32.7         -164.9
       35          17.50          -0.000247         -115.4         -165.7
       36          18.00          -0.000167         -198.4         -166.5
       37          18.50          -0.000098         -281.8         -167.3
       38          19.00          -0.000044         -365.7         -168.1
       39          19.50          -0.000010         -449.9         -168.9
       40          20.00           0.000000         -534.6            0.0
       41          20.50          -0.000019         -449.9          168.9
       42          21.00          -0.000063         -365.7          168.1
       43          21.50          -0.000127         -281.8          167.3

 SEP 05, 2024      TEXAS DEPARTMENT OF TRANSPORTATION (TxDOT)           PAGE  4
 CAP18                         BENT CAP ANALYSIS        Ver.  6.2   (Jul, 2011)


 PROB      1                                                 problem description
 (CONTINUED)


 TABLE 4A.  DEAD LOAD RESULTS    ( WORKING STRESS )

      --------------------------------------------------------------------
      STA       DIST X (FT)    DEFLECTION (FT)   MOMENT (K-FT)   SHEAR (K)
      --------------------------------------------------------------------
       44          22.00          -0.000206         -198.4          166.5
       45          22.50          -0.000296         -115.4          165.7
       46          23.00          -0.000392          -32.7          164.9
       47          23.50          -0.000490           49.6          114.8
       48          24.00          -0.000585           82.1           64.7
       49          24.50          -0.000676          114.3           63.9
       50          25.00          -0.000760          146.0           63.1
       51          25.50          -0.000837          177.4           62.3
       52          26.00          -0.000904          208.4           61.5
       53          26.50          -0.000959          238.9           60.7
       54          27.00          -0.001002          269.1           60.0
       55          27.50          -0.001030          298.9           59.2
       56          28.00          -0.001042          328.3           58.4
       57          28.50          -0.001036          357.2           11.5
       58          29.00          -0.001010          339.7          -35.4
       59          29.50          -0.000966          321.8          -36.2
       60          30.00          -0.000905          303.5          -86.3
       61          30.50          -0.000827          235.5         -136.4
       62          31.00          -0.000736          167.1         -137.2
       63          31.50          -0.000636           98.4         -138.0
       64          32.00          -0.000531           29.2         -138.8
       65          32.50          -0.000424          -40.4         -139.6
       66          33.00          -0.000320         -110.4         -140.4
       67          33.50          -0.000221         -180.8         -141.2
       68          34.00          -0.000133         -251.6         -141.9
       69          34.50          -0.000058         -322.7         -142.7
       70          35.00           0.000000         -394.3           26.8
       71          35.50           0.000036         -295.9          196.4
       72          36.00           0.000056         -197.9          195.6
       73          36.50           0.000065         -100.4          194.8
       74          37.00           0.000069           -3.2           98.6
       75          37.50           0.000073           -1.8            2.4
       76          38.00           0.000076           -0.8            1.6
       77          38.50           0.000080           -0.2            0.8
       78          39.00           0.000083            0.0            0.2
       79          39.50           0.000087            0.0            0.0
       80          40.00           0.000000            0.0            0.0
       81          40.50           0.000000            0.0            0.0

 SEP 05, 2024      TEXAS DEPARTMENT OF TRANSPORTATION (TxDOT)           PAGE  5
 CAP18                         BENT CAP ANALYSIS        Ver.  6.2   (Jul, 2011)


 PROB      1                                                 problem description
 (CONTINUED)


 TABLE 5.  MULTI-LANE LOADING SUMMARY    ( WORKING STRESS )
           ( *--CRITICAL NUMBER OF LANE LOADS)

      MOMENT ( FT-K )
      ------------------------------------------------------------------------
      AT     DEAD LD   LANE   POSITIVE   LOAD AT    LANE   NEGATIVE   LOAD AT
      STA     EFFECT   ORDER  MAXIMUM    LANE STA   ORDER  MAXIMUM    LANE STA
      ------------------------------------------------------------------------

        6      -24.5
                        0        0.0                 0        0.0
                        1        0.0                 1        0.0
                        2        0.0                 2        0.0
                        3        0.0                 3        0.0
                        0*                           0*

       10     -637.4
                        0        0.0                 0      -35.4      1    2
                        1        0.0                 1      -35.4      1    2
                        2        0.0                 2        0.0
                        3        0.0                 3        0.0
                        0*                           0*

       19      180.4
                        0       45.5      0   17     0       -7.2      0   51
                        1       18.4      2   26     1       -4.4      3   54
                        2       15.9      1    6     2       -3.1      2   34
                        3        0.0                 3        0.0
                        0*                           0*

       23      357.2
                        0       65.7      0   17     0      -10.4      0   51
                        1       34.2      1    6     1       -6.4      3   54
                        2       26.5      2   26     2       -4.5      2   34
                        3        0.0                 3        0.0
                        0*                           0*

       33       49.6
                        0       10.7      0   17     0      -18.4      0   51
                        1        6.4      1    6     1      -11.2      3   54
                        2        1.2      2   26     2       -7.9      2   34
                        3        0.0                 3        0.0
                        0*                           0*

       40     -534.6
                        0        0.0                 0      -27.9      0   17
                        1        0.0                 1      -16.5      2   26
                        2        0.0                 2      -14.7      3   54
                        3        0.0                 3      -13.1      1    6
                        0*                           3*

       47       49.6
                        0       10.0      0   51     0      -21.4      0   17
                        1        7.0      3   54     1      -10.1      1    6
                        2        4.0      2   34     2       -7.6      2   26
                        3        0.0                 3        0.0
                        0*                           0*

       57      357.2
                        0       58.5      0   51     0      -12.1      0   17
                        1       37.9      3   54     1       -5.7      1    6
                        2       24.4      2   34     2        0.0
                        3        0.0                 3        0.0
                        0*                           0*

 SEP 05, 2024      TEXAS DEPARTMENT OF TRANSPORTATION (TxDOT)           PAGE  6
 CAP18                         BENT CAP ANALYSIS        Ver.  6.2   (Jul, 2011)


 PROB      1                                                 problem description
 (CONTINUED)

      MOMENT ( FT-K )
      ------------------------------------------------------------------------
      AT     DEAD LD   LANE   POSITIVE   LOAD AT    LANE   NEGATIVE   LOAD AT
      STA     EFFECT   ORDER  MAXIMUM    LANE STA   ORDER  MAXIMUM    LANE STA
      ------------------------------------------------------------------------

       60      303.5
                        0       41.4      0   51     0       -9.3      0   17
                        1       23.2      3   54     1       -4.4      1    6
                        2       18.8      2   34     2       -1.1      3   58
                        3        0.0                 3        0.0
                        0*                           0*

       65      -40.4
                        0       15.5      0   37     0      -20.3      3   58
                        1        9.4      2   34     1      -20.3      3   58
                        2        0.0                 2       -2.2      1    6
                        3        0.0                 3        0.0
                        0*                           0*

       70     -394.3
                        0        0.0                 0      -39.5      3   58
                        1        0.0                 1      -39.5      3   58
                        2        0.0                 2        0.0
                        3        0.0                 3        0.0
                        0*                           0*

 SEP 05, 2024      TEXAS DEPARTMENT OF TRANSPORTATION (TxDOT)           PAGE  7
 CAP18                         BENT CAP ANALYSIS        Ver.  6.2   (Jul, 2011)


 PROB      1                                                 problem description
 (CONTINUED)


      SHEAR ( K )
      ------------------------------------------------------------------------
      AT     DEAD LD   LANE   POSITIVE   LOAD AT    LANE   NEGATIVE   LOAD AT
      STA     EFFECT   ORDER  MAXIMUM    LANE STA   ORDER  MAXIMUM    LANE STA
      ------------------------------------------------------------------------

        8     -306.5
                        0        0.0                 0      -17.7      1    2
                        1        0.0                 1      -17.7      1    2
                        2        0.0                 2        0.0
                        3        0.0                 3        0.0
                        0*                           0*

       12      190.8
                        0       10.1      0   17     0       -1.6      0   51
                        1        9.1      1    6     1       -1.0      3   54
                        2        4.1      2   26     2       -0.7      2   34
                        3        0.0                 3        0.0
                        2*                           0*

       38     -168.1
                        0        0.0                 0      -11.0      0   17
                        1        0.0                 1       -5.6      1    6
                        2        0.0                 2       -5.1      2   26
                        3        0.0                 3       -1.0      3   54
                        0*                           0*

 SEP 05, 2024      TEXAS DEPARTMENT OF TRANSPORTATION (TxDOT)           PAGE  8
 CAP18                         BENT CAP ANALYSIS        Ver.  6.2   (Jul, 2011)


 PROB      1                                                 problem description
 (CONTINUED)


      REACTION ( K )
      ------------------------------------------------------------------------
      AT     DEAD LD   LANE   POSITIVE   LOAD AT    LANE   NEGATIVE   LOAD AT
      STA     EFFECT   ORDER  MAXIMUM    LANE STA   ORDER  MAXIMUM    LANE STA
      ------------------------------------------------------------------------

       10      500.5
                        0       26.0      1    2     0       -1.6      0   51
                        1       26.0      1    2     1       -1.0      3   54
                        2        4.1      2   26     2       -0.7      2   34
                        3        0.0                 3        0.0
                        0*                           0*

       40      431.5
                        0       25.9      2   34     0        0.0
                        1       25.9      2   34     1        0.0
                        2        8.1      1    6     2        0.0
                        3        7.2      3   54     3        0.0
                        3*                           0*

       70      340.7
                        0       27.5      3   58     0       -1.9      0   17
                        1       27.5      3   58     1       -0.9      1    6
                        2        3.8      2   34     2        0.0
                        3        0.0                 3        0.0
                        0*                           0*

 SEP 05, 2024      TEXAS DEPARTMENT OF TRANSPORTATION (TxDOT)           PAGE  9
 CAP18                         BENT CAP ANALYSIS        Ver.  6.2   (Jul, 2011)


 PROB      1                                                 problem description
 (CONTINUED)


 TABLE 6.  ENVELOPES OF MAXIMUM VALUES   ( WORKING STRESS )

      ------------------------------------------------------------------------
      STA    DIST X       MAX + MOM    MAX - MOM     MAX + SHEAR   MAX - SHEAR
             ( FT )       ( FT-K )      ( FT-K )        ( K )         ( K )     
      ------------------------------------------------------------------------
       -1     -0.50           0.0           0.0           0.0           0.0
        0      0.00           0.0           0.0           0.0           0.0
        1      0.50           0.0           0.0           0.0           0.0
        2      1.00           0.0           0.0          -0.2          -0.2
        3      1.50          -0.2          -0.2          -0.8          -0.8
        4      2.00          -0.8          -0.8         -12.2         -12.2
        5      2.50         -12.4         -12.4         -23.7         -23.7
        6      3.00         -24.5         -24.5        -164.7        -175.3
        7      3.50        -177.1        -187.7        -305.7        -326.9
        8      4.00        -330.2        -351.4        -306.5        -327.7
        9      4.50        -483.6        -515.5        -307.3        -328.5
       10      5.00        -637.4        -680.0         -51.8         -63.5
       11      5.50        -535.4        -578.9         204.8         189.7
       12      6.00        -433.7        -478.3         204.0         188.9
       13      6.50        -332.4        -378.1         203.2         188.1
       14      7.00        -231.5        -278.3         202.5         187.3
       15      7.50        -131.0        -178.9         201.7         186.5
       16      8.00         -31.0         -79.9         190.2         175.1
       17      8.50          58.1           8.1         178.8         163.6
       18      9.00         146.7          90.5         178.0         162.9
       19      9.50         235.0         171.8         177.2         162.1
       20     10.00         322.8         252.6         127.1         112.0
       21     10.50         361.0         283.7          77.0          61.9
       22     11.00         398.8         314.5          76.2          61.1
       23     11.50         436.1         344.8           5.6           0.4
       24     12.00         400.5         314.9         -58.4         -71.6
       25     12.50         364.5         284.5         -59.2         -72.4
       26     13.00         328.1         253.8         -60.0         -73.2
       27     13.50         291.4         222.6         -60.7         -74.0
       28     14.00         254.2         191.1         -61.5         -74.7
       29     14.50         216.6         159.2         -62.3         -75.5
       30     15.00         178.6         126.9         -63.1         -76.3
       31     15.50         140.3          94.1         -63.9         -77.1
       32     16.00         101.5          61.0         -64.7         -77.9
       33     16.50          62.4          27.5        -114.8        -128.0
       34     17.00         -26.5         -55.7        -164.9        -178.1
       35     17.50        -113.8        -139.3        -165.7        -178.9
       36     18.00        -198.4        -223.3        -166.5        -179.7
       37     18.50        -281.8        -307.7        -167.3        -180.5
       38     19.00        -365.7        -393.4        -168.1        -181.3
       39     19.50        -449.9        -482.6        -168.9        -182.1
       40     20.00        -534.6        -572.2           4.9          -5.5
       41     20.50        -449.9        -483.5         180.5         168.9
       42     21.00        -365.7        -396.9         179.7         168.1

 SEP 05, 2024      TEXAS DEPARTMENT OF TRANSPORTATION (TxDOT)           PAGE 10
 CAP18                         BENT CAP ANALYSIS        Ver.  6.2   (Jul, 2011)


 PROB      1                                                 problem description
 (CONTINUED)


 TABLE 6.  ENVELOPES OF MAXIMUM VALUES   ( WORKING STRESS )

      ------------------------------------------------------------------------
      STA    DIST X       MAX + MOM    MAX - MOM     MAX + SHEAR   MAX - SHEAR
             ( FT )       ( FT-K )      ( FT-K )        ( K )         ( K )     
      ------------------------------------------------------------------------
       43     21.50        -281.8        -311.9         178.9         167.3
       44     22.00        -197.5        -227.4         178.1         166.5
       45     22.50        -113.6        -143.2         177.3         165.7
       46     23.00         -26.5         -59.4         176.6         164.9
       47     23.50          61.6          23.9         126.5         114.8
       48     24.00          99.9          57.6          76.3          64.7
       49     24.50         137.9          90.9          75.6          63.9
       50     25.00         175.5         123.7          74.8          63.1
       51     25.50         212.7         156.2          74.0          62.3
       52     26.00         249.5         188.3          73.2          61.5
       53     26.50         285.9         220.0          72.4          60.7
       54     27.00         321.9         251.3          71.6          60.0
       55     27.50         357.5         282.2          70.8          59.2
       56     28.00         392.7         312.7          70.0          58.4
       57     28.50         427.5         342.8          13.7           7.8
       58     29.00         403.1         326.4         -33.2         -49.1
       59     29.50         378.4         309.6         -34.0         -49.9
       60     30.00         353.2         292.4         -84.1        -100.0
       61     30.50         278.4         225.5        -134.2        -150.1
       62     31.00         203.1         156.6        -135.0        -150.9
       63     31.50         127.5          83.2        -135.8        -151.7
       64     32.00          51.5           9.4        -136.5        -152.5
       65     32.50         -21.8         -64.8        -137.3        -153.3
       66     33.00         -95.5        -139.4        -138.1        -154.1
       67     33.50        -169.6        -214.4        -138.9        -154.9
       68     34.00        -244.1        -289.8        -139.7        -155.6
       69     34.50        -319.0        -365.5        -140.5        -156.4
       70     35.00        -394.3        -441.7          34.1          23.1
       71     35.50        -295.9        -331.5         220.1         196.4
       72     36.00        -197.9        -221.7         219.3         195.6
       73     36.50        -100.4        -112.2         218.5         194.8
       74     37.00          -3.2          -3.2         110.4          98.6
       75     37.50          -1.8          -1.8           2.4           2.4
       76     38.00          -0.8          -0.8           1.6           1.6
       77     38.50          -0.2          -0.2           0.8           0.8
       78     39.00           0.0           0.0           0.2           0.2
       79     39.50           0.0           0.0           0.0           0.0
       80     40.00           0.0           0.0           0.0           0.0
       81     40.50           0.0           0.0           0.0           0.0

 SEP 05, 2024      TEXAS DEPARTMENT OF TRANSPORTATION (TxDOT)           PAGE 11
 CAP18                         BENT CAP ANALYSIS        Ver.  6.2   (Jul, 2011)


 PROB      1                                                 problem description
 (CONTINUED)


 TABLE 7.  MAXIMUM SUPPORT REACTIONS   ( WORKING STRESS )

      ---------------------------------------------
      STA    DIST X      MAX + REACT    MAX - REACT
             ( FT )         ( K )          ( K )
      ---------------------------------------------
       10      5.00         531.7          498.6
       40     20.00         466.5          431.5
       70     35.00         373.6          338.4

 SEP 05, 2024      TEXAS DEPARTMENT OF TRANSPORTATION (TxDOT)           PAGE 12
 CAP18                         BENT CAP ANALYSIS        Ver.  6.2   (Jul, 2011)


 PROB      1                                                 problem description
 (CONTINUED)


 TABLE 5.  MULTI-LANE LOADING SUMMARY    ( LOAD FACTOR)
           ( *--CRITICAL NUMBER OF LANE LOADS)

      MOMENT ( FT-K )
      ------------------------------------------------------------------------
      AT     DEAD LD   LANE   POSITIVE   LOAD AT    LANE   NEGATIVE   LOAD AT
      STA     EFFECT   ORDER  MAXIMUM    LANE STA   ORDER  MAXIMUM    LANE STA
      ------------------------------------------------------------------------

        6      -35.9
                        0        0.0                 0        0.0
                        1        0.0                 1        0.0
                        2        0.0                 2        0.0
                        3        0.0                 3        0.0
                        0*                           0*

       10     -857.6
                        0        0.0                 0      -62.0      1    2
                        1        0.0                 1      -62.0      1    2
                        2        0.0                 2        0.0
                        3        0.0                 3        0.0
                        0*                           0*

       19      212.4
                        0       79.6      0   17     0      -12.6      0   51
                        1       32.2      2   26     1       -7.7      3   54
                        2       27.9      1    6     2       -5.4      2   34
                        3        0.0                 3        0.0
                        0*                           0*

       23      447.5
                        0      115.0      0   17     0      -18.2      0   51
                        1       59.9      1    6     1      -11.1      3   54
                        2       46.5      2   26     2       -7.8      2   34
                        3        0.0                 3        0.0
                        0*                           0*

       33       63.7
                        0       18.7      0   17     0      -32.1      0   51
                        1       11.2      1    6     1      -19.7      3   54
                        2        2.1      2   26     2      -13.9      2   34
                        3        0.0                 3        0.0
                        0*                           0*

       40     -666.0
                        0        0.0                 0      -48.8      0   17
                        1        0.0                 1      -28.9      2   26
                        2        0.0                 2      -25.6      3   54
                        3        0.0                 3      -22.9      1    6
                        0*                           3*

       47       63.7
                        0       17.5      0   51     0      -37.4      0   17
                        1       12.3      3   54     1      -17.6      1    6
                        2        6.9      2   34     2      -13.2      2   26
                        3        0.0                 3        0.0
                        0*                           0*

       57      447.5
                        0      102.4      0   51     0      -21.1      0   17
                        1       66.4      3   54     1       -9.9      1    6
                        2       42.7      2   34     2        0.0
                        3        0.0                 3        0.0
                        0*                           0*

 SEP 05, 2024      TEXAS DEPARTMENT OF TRANSPORTATION (TxDOT)           PAGE 13
 CAP18                         BENT CAP ANALYSIS        Ver.  6.2   (Jul, 2011)


 PROB      1                                                 problem description
 (CONTINUED)

      MOMENT ( FT-K )
      ------------------------------------------------------------------------
      AT     DEAD LD   LANE   POSITIVE   LOAD AT    LANE   NEGATIVE   LOAD AT
      STA     EFFECT   ORDER  MAXIMUM    LANE STA   ORDER  MAXIMUM    LANE STA
      ------------------------------------------------------------------------

       60      380.2
                        0       72.5      0   51     0      -16.3      0   17
                        1       40.6      3   54     1       -7.6      1    6
                        2       32.8      2   34     2       -1.8      3   58
                        3        0.0                 3        0.0
                        0*                           0*

       65      -50.2
                        0       27.1      0   37     0      -35.5      3   58
                        1       16.4      2   34     1      -35.5      3   58
                        2        0.0                 2       -3.8      1    6
                        3        0.0                 3        0.0
                        0*                           0*

       70     -492.9
                        0        0.0                 0      -69.2      3   58
                        1        0.0                 1      -69.2      3   58
                        2        0.0                 2        0.0
                        3        0.0                 3        0.0
                        0*                           0*

 SEP 05, 2024      TEXAS DEPARTMENT OF TRANSPORTATION (TxDOT)           PAGE 14
 CAP18                         BENT CAP ANALYSIS        Ver.  6.2   (Jul, 2011)


 PROB      1                                                 problem description
 (CONTINUED)


      SHEAR ( K )
      ------------------------------------------------------------------------
      AT     DEAD LD   LANE   POSITIVE   LOAD AT    LANE   NEGATIVE   LOAD AT
      STA     EFFECT   ORDER  MAXIMUM    LANE STA   ORDER  MAXIMUM    LANE STA
      ------------------------------------------------------------------------

        8     -410.8
                        0        0.0                 0      -31.0      1    2
                        1        0.0                 1      -31.0      1    2
                        2        0.0                 2        0.0
                        3        0.0                 3        0.0
                        0*                           0*

       12      250.9
                        0       17.7      0   17     0       -2.8      0   51
                        1       16.0      1    6     1       -1.7      3   54
                        2        7.1      2   26     2       -1.2      2   34
                        3        0.0                 3        0.0
                        2*                           0*

       38     -209.9
                        0        0.0                 0      -19.3      0   17
                        1        0.0                 1       -9.7      1    6
                        2        0.0                 2       -8.9      2   26
                        3        0.0                 3       -1.7      3   54
                        0*                           0*

 SEP 05, 2024      TEXAS DEPARTMENT OF TRANSPORTATION (TxDOT)           PAGE 15
 CAP18                         BENT CAP ANALYSIS        Ver.  6.2   (Jul, 2011)


 PROB      1                                                 problem description
 (CONTINUED)


      REACTION ( K )
      ------------------------------------------------------------------------
      AT     DEAD LD   LANE   POSITIVE   LOAD AT    LANE   NEGATIVE   LOAD AT
      STA     EFFECT   ORDER  MAXIMUM    LANE STA   ORDER  MAXIMUM    LANE STA
      ------------------------------------------------------------------------

       10      665.7
                        0       45.6      1    2     0       -2.8      0   51
                        1       45.6      1    2     1       -1.7      3   54
                        2        7.1      2   26     2       -1.2      2   34
                        3        0.0                 3        0.0
                        0*                           0*

       40      539.1
                        0       45.3      2   34     0        0.0
                        1       45.3      2   34     1        0.0
                        2       14.2      1    6     2        0.0
                        3       12.5      3   54     3        0.0
                        3*                           0*

       70      426.0
                        0       48.1      3   58     0       -3.3      0   17
                        1       48.1      3   58     1       -1.5      1    6
                        2        6.6      2   34     2        0.0
                        3        0.0                 3        0.0
                        0*                           0*

 SEP 05, 2024      TEXAS DEPARTMENT OF TRANSPORTATION (TxDOT)           PAGE 16
 CAP18                         BENT CAP ANALYSIS        Ver.  6.2   (Jul, 2011)


 PROB      1                                                 problem description
 (CONTINUED)


 TABLE 6.  ENVELOPES OF MAXIMUM VALUES   ( LOAD FACTOR )

      ------------------------------------------------------------------------
      STA    DIST X       MAX + MOM     MAX - MOM    MAX + SHEAR   MAX - SHEAR 
             ( FT )       ( FT-K )      ( FT-K )        ( K )         ( K )     
      ------------------------------------------------------------------------
       -1     -0.50           0.0           0.0           0.0           0.0
        0      0.00           0.0           0.0           0.0           0.0
        1      0.50           0.0           0.0           0.0           0.0
        2      1.00           0.0           0.0          -0.2          -0.2
        3      1.50          -0.2          -0.2          -1.0          -1.0
        4      2.00          -1.0          -1.0         -18.0         -18.0
        5      2.50         -18.2         -18.2         -34.9         -34.9
        6      3.00         -35.9         -35.9        -222.4        -241.0
        7      3.50        -240.6        -259.2        -409.8        -447.0
        8      4.00        -445.8        -483.0        -410.8        -448.0
        9      4.50        -651.4        -707.2        -411.8        -449.0
       10      5.00        -857.6        -932.0         -69.4         -89.8
       11      5.50        -720.8        -797.0         275.0         248.5
       12      6.00        -584.5        -662.6         274.0         247.5
       13      6.50        -448.7        -528.6         273.0         246.6
       14      7.00        -313.3        -395.2         272.0         245.6
       15      7.50        -178.5        -262.2         271.1         244.6
       16      8.00         -44.2        -129.8         254.1         227.6
       17      8.50          73.7         -13.8         237.1         210.6
       18      9.00         191.1          92.7         236.1         209.7
       19      9.50         307.9         197.3         235.1         208.7
       20     10.00         424.3         301.4         172.5         146.0
       21     10.50         478.5         343.3         109.9          83.4
       22     11.00         532.3         384.8         108.9          82.4
       23     11.50         585.5         425.7          12.2           3.1
       24     12.00         537.8         387.9         -72.8         -95.9
       25     12.50         489.6         349.6         -73.8         -96.9
       26     13.00         440.9         310.7         -74.8         -97.9
       27     13.50         391.7         271.4         -75.8         -98.9
       28     14.00         342.0         231.6         -76.8         -99.9
       29     14.50         291.8         191.3         -77.8        -100.9
       30     15.00         241.1         150.5         -78.8        -101.9
       31     15.50         189.9         109.2         -79.7        -102.9
       32     16.00         138.3          67.4         -80.7        -103.9
       33     16.50          86.1          25.1        -143.4        -166.5
       34     17.00         -28.2         -79.3        -206.0        -229.1
       35     17.50        -139.6        -184.2        -207.0        -230.1
       36     18.00        -246.1        -289.6        -208.0        -231.1
       37     18.50        -350.3        -395.5        -209.0        -232.1
       38     19.00        -455.0        -503.6        -209.9        -233.1
       39     19.50        -560.2        -617.5        -210.9        -234.1
       40     20.00        -666.0        -731.8           8.5          -9.6
       41     20.50        -560.2        -618.9         231.3         210.9
       42     21.00        -455.0        -509.6         230.3         209.9
       43     21.50        -350.3        -402.9         229.3         209.0
       44     22.00        -244.5        -296.8         228.3         208.0
       45     22.50        -139.2        -191.1         227.4         207.0
       46     23.00         -28.2         -85.9         226.4         206.0
       47     23.50          84.7          18.8         163.7         143.4
       48     24.00         135.5          61.4         101.1          80.7

 SEP 05, 2024      TEXAS DEPARTMENT OF TRANSPORTATION (TxDOT)           PAGE 17
 CAP18                         BENT CAP ANALYSIS        Ver.  6.2   (Jul, 2011)


 PROB      1                                                 problem description
 (CONTINUED)


 TABLE 6.  ENVELOPES OF MAXIMUM VALUES   ( LOAD FACTOR )

      ------------------------------------------------------------------------
      STA    DIST X       MAX + MOM     MAX - MOM    MAX + SHEAR   MAX - SHEAR 
             ( FT )       ( FT-K )      ( FT-K )        ( K )         ( K )     
      ------------------------------------------------------------------------
       49     24.50         185.8         103.4         100.1          79.7
       50     25.00         235.6         145.0          99.1          78.8
       51     25.50         284.9         186.1          98.1          77.8
       52     26.00         333.8         226.7          97.1          76.8
       53     26.50         382.1         266.8          96.2          75.8
       54     27.00         429.9         306.4          95.2          74.8
       55     27.50         477.3         345.5          94.2          73.8
       56     28.00         524.1         384.1          93.2          72.8
       57     28.50         570.4         422.2          18.1           7.7
       58     29.00         536.5         402.2         -40.5         -68.4
       59     29.50         502.1         381.7         -41.5         -69.4
       60     30.00         467.1         360.7        -104.1        -132.0
       61     30.50         370.1         277.6        -166.7        -194.6
       62     31.00         272.5         191.2        -167.7        -195.6
       63     31.50         174.5          97.0        -168.7        -196.6
       64     32.00          76.0           2.4        -169.7        -197.6
       65     32.50         -17.6         -92.8        -170.7        -198.6
       66     33.00        -111.7        -188.4        -171.7        -199.6
       67     33.50        -206.2        -284.5        -172.7        -200.6
       68     34.00        -301.3        -381.1        -173.7        -201.6
       69     34.50        -396.8        -478.3        -174.7        -202.5
       70     35.00        -492.9        -575.9          46.1          26.9
       71     35.50        -369.9        -432.2         286.9         245.4
       72     36.00        -247.4        -288.9         286.0         244.5
       73     36.50        -125.4        -146.2         285.0         243.5
       74     37.00          -4.0          -4.0         144.0         123.2
       75     37.50          -2.2          -2.2           3.0           3.0
       76     38.00          -1.0          -1.0           2.0           2.0
       77     38.50          -0.2          -0.2           1.0           1.0
       78     39.00           0.0           0.0           0.2           0.2
       79     39.50           0.0           0.0           0.0           0.0
       80     40.00           0.0           0.0           0.0           0.0
       81     40.50           0.0           0.0           0.0           0.0

 SEP 05, 2024      TEXAS DEPARTMENT OF TRANSPORTATION (TxDOT)           PAGE 18
 CAP18                         BENT CAP ANALYSIS        Ver.  6.2   (Jul, 2011)


 PROB      1                                                 problem description
 (CONTINUED)


 TABLE 7.  MAXIMUM SUPPORT REACTIONS   ( LOAD FACTOR )

      ---------------------------------------------
      STA    DIST X      MAX + REACT    MAX - REACT
             ( FT )         ( K )          ( K )
      ---------------------------------------------
       10      5.00         720.4          662.3
       40     20.00         600.4          539.1
       70     35.00         483.7          422.1

 SEP 05, 2024      TEXAS DEPARTMENT OF TRANSPORTATION (TxDOT)           PAGE 19
 CAP18                         BENT CAP ANALYSIS        Ver.  6.2   (Jul, 2011)


 PROB      1                                                 problem description
 (CONTINUED)


 TABLE SRS.  LIVE-LOAD STRINGER REACTIONS SUMMARY   (WORKING STRESS)
             (* Denotes load-maximized station; Lanes loaded coefficients not applied)
             (N = Lanes loaded: 0 for random lane; 1 thru N for user-defined lanes)

 N ----------------- Stations -----------------|------------------- Reactions (K) -------------------
 0   6*  23                                      17.7  11.2                                          
 0  23*  40                                      21.1   7.8                                          
 0  40*  57                                      21.1   7.8                                          
 0  57*  74                                      21.1   7.8                                          
 0  57   74*                                      9.2  19.8                                          
